[2021-08-10 22:16:05] [收录推送] 普通收录，推送url：
[2021-08-10 22:16:05] [收录推送] https://blog.shiyuchan.cn/413.html
[2021-08-10 22:16:06] [收录推送] 推送结果【success】
[2021-08-10 22:34:04] [定时任务] 开始执行百度推送插件定时任务
[2021-08-10 22:34:04] [定时任务] 百度推送插件定时任务执行完毕
[2021-08-10 23:03:24] [收录概况] 手动更新
[2021-08-10 23:03:24] [收录概况] 查询百度收录概况-“收录总数”
[2021-08-10 23:03:24] [收录概况] https://www.baidu.com/s?wd=site%3Ablog.shiyuchan.cn
[2021-08-10 23:03:25] [收录概况] 请求返回【没有找到数据】
[2021-08-10 23:53:52] [定时任务] 开始执行百度推送插件定时任务
[2021-08-10 23:53:52] [收录概况] 查询百度收录概况-“收录总数”
[2021-08-10 23:53:52] [收录概况] https://www.baidu.com/s?wd=site%3Ablog.shiyuchan.cn
[2021-08-10 23:53:52] [收录概况] 请求返回【没有找到数据】
[2021-08-10 23:53:52] [定时任务] 百度推送插件定时任务执行完毕
[2021-08-11 00:34:04] [定时任务] 开始执行百度推送插件定时任务
[2021-08-11 00:34:04] [收录概况] 查询百度收录概况-“收录总数”
[2021-08-11 00:34:04] [收录概况] https://www.baidu.com/s?wd=site%3Ablog.shiyuchan.cn
[2021-08-11 00:34:04] [收录概况] 请求返回【没有找到数据】
[2021-08-11 00:34:04] [定时任务] 百度推送插件定时任务执行完毕
[2021-08-11 01:51:36] [定时任务] 开始执行百度推送插件定时任务
[2021-08-11 01:51:36] [定时任务] 百度推送插件定时任务执行完毕
[2021-08-11 03:32:25] [定时任务] 开始执行百度推送插件定时任务
[2021-08-11 03:32:25] [定时任务] 百度推送插件定时任务执行完毕
[2021-08-11 03:54:46] [定时任务] 开始执行百度推送插件定时任务
[2021-08-11 03:54:46] [定时任务] 百度推送插件定时任务执行完毕
[2021-08-11 04:38:43] [定时任务] 开始执行百度推送插件定时任务
[2021-08-11 04:38:43] [定时任务] 百度推送插件定时任务执行完毕
[2021-08-11 05:53:04] [定时任务] 开始执行百度推送插件定时任务
[2021-08-11 05:53:04] [定时任务] 百度推送插件定时任务执行完毕
[2021-08-11 06:35:00] [定时任务] 开始执行百度推送插件定时任务
[2021-08-11 06:35:00] [收录概况] 查询百度收录概况-“收录总数”
[2021-08-11 06:35:00] [收录概况] https://www.baidu.com/s?wd=site%3Ablog.shiyuchan.cn
[2021-08-11 06:35:01] [收录概况] 请求返回【没有找到数据】
[2021-08-11 06:35:01] [定时任务] 百度推送插件定时任务执行完毕
[2021-08-11 08:59:13] [定时任务] 开始执行百度推送插件定时任务
[2021-08-11 08:59:13] [定时任务] 百度推送插件定时任务执行完毕
[2021-08-11 09:40:16] [定时任务] 开始执行百度推送插件定时任务
[2021-08-11 09:40:16] [定时任务] 百度推送插件定时任务执行完毕
[2021-08-11 10:34:30] [定时任务] 开始执行百度推送插件定时任务
[2021-08-11 10:34:30] [定时任务] 百度推送插件定时任务执行完毕
[2021-08-11 11:49:55] [定时任务] 开始执行百度推送插件定时任务
[2021-08-11 11:49:55] [定时任务] 百度推送插件定时任务执行完毕
[2021-08-11 12:34:13] [定时任务] 开始执行百度推送插件定时任务
[2021-08-11 12:34:13] [收录概况] 查询百度收录概况-“收录总数”
[2021-08-11 12:34:13] [收录概况] https://www.baidu.com/s?wd=site%3Ablog.shiyuchan.cn
[2021-08-11 12:34:14] [收录概况] 请求返回【没有找到数据】
[2021-08-11 12:34:14] [定时任务] 百度推送插件定时任务执行完毕
[2021-08-11 13:34:25] [定时任务] 开始执行百度推送插件定时任务
[2021-08-11 13:34:25] [定时任务] 百度推送插件定时任务执行完毕
[2021-08-11 14:34:28] [定时任务] 开始执行百度推送插件定时任务
[2021-08-11 14:34:28] [定时任务] 百度推送插件定时任务执行完毕
[2021-08-11 15:45:00] [定时任务] 开始执行百度推送插件定时任务
[2021-08-11 15:45:00] [定时任务] 百度推送插件定时任务执行完毕
[2021-08-11 17:04:43] [定时任务] 开始执行百度推送插件定时任务
[2021-08-11 17:04:43] [定时任务] 百度推送插件定时任务执行完毕
[2021-08-11 17:36:14] [定时任务] 开始执行百度推送插件定时任务
[2021-08-11 17:36:14] [定时任务] 百度推送插件定时任务执行完毕
[2021-08-11 18:34:48] [定时任务] 开始执行百度推送插件定时任务
[2021-08-11 18:34:48] [收录概况] 查询百度收录概况-“收录总数”
[2021-08-11 18:34:48] [收录概况] https://www.baidu.com/s?wd=site%3Ablog.shiyuchan.cn
[2021-08-11 18:34:49] [收录概况] 请求错误，无法绕过【百度安全验证】
[2021-08-11 18:34:49] [定时任务] 百度推送插件定时任务执行完毕
[2021-08-11 20:50:59] [定时任务] 开始执行百度推送插件定时任务
[2021-08-11 20:50:59] [定时任务] 百度推送插件定时任务执行完毕
[2021-08-11 21:41:58] [定时任务] 开始执行百度推送插件定时任务
[2021-08-11 21:41:58] [定时任务] 百度推送插件定时任务执行完毕
[2021-08-11 22:35:37] [定时任务] 开始执行百度推送插件定时任务
[2021-08-11 22:35:37] [定时任务] 百度推送插件定时任务执行完毕
[2021-08-12 00:10:23] [定时任务] 开始执行百度推送插件定时任务
[2021-08-12 00:10:23] [收录概况] 查询百度收录概况-“收录总数”
[2021-08-12 00:10:23] [收录概况] https://www.baidu.com/s?wd=site%3Ablog.shiyuchan.cn
[2021-08-12 00:10:24] [收录概况] 请求返回【没有找到数据】
[2021-08-12 00:10:24] [定时任务] 百度推送插件定时任务执行完毕
[2021-08-12 00:48:07] [定时任务] 开始执行百度推送插件定时任务
[2021-08-12 00:48:07] [收录概况] 查询百度收录概况-“收录总数”
[2021-08-12 00:48:07] [收录概况] https://www.baidu.com/s?wd=site%3Ablog.shiyuchan.cn
[2021-08-12 00:48:07] [收录概况] 请求返回【没有找到数据】
[2021-08-12 00:48:07] [定时任务] 百度推送插件定时任务执行完毕
[2021-08-12 01:34:27] [定时任务] 开始执行百度推送插件定时任务
[2021-08-12 01:34:27] [定时任务] 百度推送插件定时任务执行完毕
[2021-08-12 02:38:38] [定时任务] 开始执行百度推送插件定时任务
[2021-08-12 02:38:38] [定时任务] 百度推送插件定时任务执行完毕
[2021-08-12 04:41:26] [定时任务] 开始执行百度推送插件定时任务
[2021-08-12 04:41:26] [定时任务] 百度推送插件定时任务执行完毕
[2021-08-12 05:55:18] [定时任务] 开始执行百度推送插件定时任务
[2021-08-12 05:55:18] [定时任务] 百度推送插件定时任务执行完毕
[2021-08-12 06:46:17] [定时任务] 开始执行百度推送插件定时任务
[2021-08-12 06:46:17] [收录概况] 查询百度收录概况-“收录总数”
[2021-08-12 06:46:17] [收录概况] https://www.baidu.com/s?wd=site%3Ablog.shiyuchan.cn
[2021-08-12 06:46:18] [收录概况] 请求返回【没有找到数据】
[2021-08-12 06:46:18] [定时任务] 百度推送插件定时任务执行完毕
[2021-08-12 07:42:56] [定时任务] 开始执行百度推送插件定时任务
[2021-08-12 07:42:56] [定时任务] 百度推送插件定时任务执行完毕
[2021-08-12 08:34:02] [定时任务] 开始执行百度推送插件定时任务
[2021-08-12 08:34:02] [定时任务] 百度推送插件定时任务执行完毕
[2021-08-12 09:36:47] [定时任务] 开始执行百度推送插件定时任务
[2021-08-12 09:36:47] [定时任务] 百度推送插件定时任务执行完毕
[2021-08-12 10:34:26] [定时任务] 开始执行百度推送插件定时任务
[2021-08-12 10:34:26] [定时任务] 百度推送插件定时任务执行完毕
[2021-08-12 10:56:40] [收录推送] 普通收录，推送url：
[2021-08-12 10:56:40] [收录推送] https://blog.shiyuchan.cn/479.html/
[2021-08-12 10:56:41] [收录推送] 推送结果【success】
[2021-08-12 11:35:10] [定时任务] 开始执行百度推送插件定时任务
[2021-08-12 11:35:10] [定时任务] 百度推送插件定时任务执行完毕
[2021-08-12 12:34:44] [定时任务] 开始执行百度推送插件定时任务
[2021-08-12 12:34:44] [收录概况] 查询百度收录概况-“收录总数”
[2021-08-12 12:34:44] [收录概况] https://www.baidu.com/s?wd=site%3Ablog.shiyuchan.cn
[2021-08-12 12:34:46] [收录概况] 请求返回【没有找到数据】
[2021-08-12 12:34:46] [定时任务] 百度推送插件定时任务执行完毕
[2021-08-12 13:36:34] [定时任务] 开始执行百度推送插件定时任务
[2021-08-12 13:36:34] [定时任务] 百度推送插件定时任务执行完毕
[2021-08-12 14:34:40] [定时任务] 开始执行百度推送插件定时任务
[2021-08-12 14:34:40] [定时任务] 百度推送插件定时任务执行完毕
[2021-08-12 15:38:17] [定时任务] 开始执行百度推送插件定时任务
[2021-08-12 15:38:17] [定时任务] 百度推送插件定时任务执行完毕
[2021-08-12 16:42:30] [定时任务] 开始执行百度推送插件定时任务
[2021-08-12 16:42:30] [定时任务] 百度推送插件定时任务执行完毕
[2021-08-12 17:38:09] [定时任务] 开始执行百度推送插件定时任务
[2021-08-12 17:38:09] [定时任务] 百度推送插件定时任务执行完毕
[2021-08-12 17:56:34] [收录推送] 普通收录，推送url：
[2021-08-12 17:56:34] [收录推送] https://blog.shiyuchan.cn/495.html/
[2021-08-12 17:56:35] [收录推送] 推送结果【success】
[2021-08-12 18:01:17] [收录概况] 手动更新
[2021-08-12 18:01:17] [收录概况] 查询百度收录概况-“收录总数”
[2021-08-12 18:01:17] [收录概况] https://www.baidu.com/s?wd=site%3Ablog.shiyuchan.cn
[2021-08-12 18:01:17] [收录概况] 请求返回【没有找到数据】
[2021-08-12 18:46:23] [定时任务] 开始执行百度推送插件定时任务
[2021-08-12 18:46:23] [收录概况] 查询百度收录概况-“收录总数”
[2021-08-12 18:46:23] [收录概况] https://www.baidu.com/s?wd=site%3Ablog.shiyuchan.cn
[2021-08-12 18:46:24] [收录概况] 请求返回【没有找到数据】
[2021-08-12 18:46:24] [定时任务] 百度推送插件定时任务执行完毕
[2021-08-12 19:55:31] [定时任务] 开始执行百度推送插件定时任务
[2021-08-12 19:55:31] [定时任务] 百度推送插件定时任务执行完毕
[2021-08-12 20:38:24] [定时任务] 开始执行百度推送插件定时任务
[2021-08-12 20:38:24] [定时任务] 百度推送插件定时任务执行完毕
[2021-08-12 21:45:23] [定时任务] 开始执行百度推送插件定时任务
[2021-08-12 21:45:23] [定时任务] 百度推送插件定时任务执行完毕
[2021-08-12 22:34:11] [定时任务] 开始执行百度推送插件定时任务
[2021-08-12 22:34:11] [定时任务] 百度推送插件定时任务执行完毕
[2021-08-12 23:17:41] [收录概况] 手动更新
[2021-08-12 23:17:41] [收录概况] 查询百度收录概况-“收录总数”
[2021-08-12 23:17:41] [收录概况] https://www.baidu.com/s?wd=site%3Ablog.shiyuchan.cn
[2021-08-12 23:17:41] [收录概况] 请求返回【没有找到数据】
[2021-08-12 23:35:20] [定时任务] 开始执行百度推送插件定时任务
[2021-08-12 23:35:20] [收录概况] 查询百度收录概况-“收录总数”
[2021-08-12 23:35:20] [收录概况] https://www.baidu.com/s?wd=site%3Ablog.shiyuchan.cn
[2021-08-12 23:35:20] [收录概况] 请求返回【没有找到数据】
[2021-08-12 23:35:20] [定时任务] 百度推送插件定时任务执行完毕
[2021-08-13 00:49:18] [定时任务] 开始执行百度推送插件定时任务
[2021-08-13 00:49:18] [收录概况] 查询百度收录概况-“收录总数”
[2021-08-13 00:49:18] [收录概况] https://www.baidu.com/s?wd=site%3Ablog.shiyuchan.cn
[2021-08-13 00:49:18] [收录概况] 请求返回【没有找到数据】
[2021-08-13 00:49:19] [定时任务] 百度推送插件定时任务执行完毕
[2021-08-13 01:50:25] [定时任务] 开始执行百度推送插件定时任务
[2021-08-13 01:50:25] [定时任务] 百度推送插件定时任务执行完毕
[2021-08-13 02:41:35] [定时任务] 开始执行百度推送插件定时任务
[2021-08-13 02:41:35] [定时任务] 百度推送插件定时任务执行完毕
[2021-08-13 03:55:59] [定时任务] 开始执行百度推送插件定时任务
[2021-08-13 03:55:59] [定时任务] 百度推送插件定时任务执行完毕
[2021-08-13 06:13:08] [定时任务] 开始执行百度推送插件定时任务
[2021-08-13 06:13:08] [收录概况] 查询百度收录概况-“收录总数”
[2021-08-13 06:13:08] [收录概况] https://www.baidu.com/s?wd=site%3Ablog.shiyuchan.cn
[2021-08-13 06:13:08] [收录概况] 请求返回【没有找到数据】
[2021-08-13 06:13:08] [定时任务] 百度推送插件定时任务执行完毕
[2021-08-13 06:56:06] [定时任务] 开始执行百度推送插件定时任务
[2021-08-13 06:56:06] [收录概况] 查询百度收录概况-“收录总数”
[2021-08-13 06:56:06] [收录概况] https://www.baidu.com/s?wd=site%3Ablog.shiyuchan.cn
[2021-08-13 06:56:06] [收录概况] 请求返回【没有找到数据】
[2021-08-13 06:56:06] [定时任务] 百度推送插件定时任务执行完毕
[2021-08-13 07:09:26] [收录概况] 手动更新
[2021-08-13 07:09:26] [收录概况] 查询百度收录概况-“收录总数”
[2021-08-13 07:09:26] [收录概况] https://www.baidu.com/s?wd=site%3Ablog.shiyuchan.cn
[2021-08-13 07:09:26] [收录概况] 请求错误，无法绕过【百度安全验证】
[2021-08-13 07:42:10] [定时任务] 开始执行百度推送插件定时任务
[2021-08-13 07:42:10] [定时任务] 百度推送插件定时任务执行完毕
[2021-08-13 08:34:09] [定时任务] 开始执行百度推送插件定时任务
[2021-08-13 08:34:09] [定时任务] 百度推送插件定时任务执行完毕
[2021-08-13 09:42:37] [定时任务] 开始执行百度推送插件定时任务
[2021-08-13 09:42:37] [定时任务] 百度推送插件定时任务执行完毕
[2021-08-13 10:28:07] [收录推送] 普通收录，推送url：
[2021-08-13 10:28:07] [收录推送] https://blog.shiyuchan.cn/518.html/
[2021-08-13 10:28:08] [收录推送] 推送结果【success】
[2021-08-13 10:34:00] [定时任务] 开始执行百度推送插件定时任务
[2021-08-13 10:34:00] [定时任务] 百度推送插件定时任务执行完毕
[2021-08-13 11:34:35] [定时任务] 开始执行百度推送插件定时任务
[2021-08-13 11:34:35] [定时任务] 百度推送插件定时任务执行完毕
[2021-08-13 11:47:24] [收录推送] 普通收录，推送url：
[2021-08-13 11:47:24] [收录推送] https://blog.shiyuchan.cn/537.html/
[2021-08-13 11:47:24] [收录推送] 推送结果【success】
[2021-08-13 12:34:05] [定时任务] 开始执行百度推送插件定时任务
[2021-08-13 12:34:05] [收录概况] 查询百度收录概况-“收录总数”
[2021-08-13 12:34:05] [收录概况] https://www.baidu.com/s?wd=site%3Ablog.shiyuchan.cn
[2021-08-13 12:34:05] [收录概况] 请求返回【没有找到数据】
[2021-08-13 12:34:05] [定时任务] 百度推送插件定时任务执行完毕
[2021-08-13 13:36:52] [定时任务] 开始执行百度推送插件定时任务
[2021-08-13 13:36:52] [定时任务] 百度推送插件定时任务执行完毕
[2021-08-13 14:40:19] [定时任务] 开始执行百度推送插件定时任务
[2021-08-13 14:40:19] [定时任务] 百度推送插件定时任务执行完毕
[2021-08-13 15:20:31] [收录推送] 普通收录，推送url：
[2021-08-13 15:20:31] [收录推送] https://blog.shiyuchan.cn/559.html/
[2021-08-13 15:20:31] [收录推送] 推送结果【success】
[2021-08-13 15:47:25] [定时任务] 开始执行百度推送插件定时任务
[2021-08-13 15:47:25] [定时任务] 百度推送插件定时任务执行完毕
[2021-08-13 16:34:06] [定时任务] 开始执行百度推送插件定时任务
[2021-08-13 16:34:06] [定时任务] 百度推送插件定时任务执行完毕
[2021-08-13 17:35:00] [定时任务] 开始执行百度推送插件定时任务
[2021-08-13 17:35:00] [定时任务] 百度推送插件定时任务执行完毕
[2021-08-13 18:37:01] [定时任务] 开始执行百度推送插件定时任务
[2021-08-13 18:37:01] [收录概况] 查询百度收录概况-“收录总数”
[2021-08-13 18:37:01] [收录概况] https://www.baidu.com/s?wd=site%3Ablog.shiyuchan.cn
[2021-08-13 18:37:02] [收录概况] 请求返回【没有找到数据】
[2021-08-13 18:37:02] [定时任务] 百度推送插件定时任务执行完毕
[2021-08-13 19:38:37] [定时任务] 开始执行百度推送插件定时任务
[2021-08-13 19:38:37] [定时任务] 百度推送插件定时任务执行完毕
[2021-08-13 20:39:28] [定时任务] 开始执行百度推送插件定时任务
[2021-08-13 20:39:28] [定时任务] 百度推送插件定时任务执行完毕
[2021-08-13 21:45:34] [定时任务] 开始执行百度推送插件定时任务
[2021-08-13 21:45:34] [定时任务] 百度推送插件定时任务执行完毕
[2021-08-13 22:34:53] [定时任务] 开始执行百度推送插件定时任务
[2021-08-13 22:34:53] [定时任务] 百度推送插件定时任务执行完毕
[2021-08-14 00:08:10] [定时任务] 开始执行百度推送插件定时任务
[2021-08-14 00:08:10] [收录概况] 查询百度收录概况-“收录总数”
[2021-08-14 00:08:10] [收录概况] https://www.baidu.com/s?wd=site%3Ablog.shiyuchan.cn
[2021-08-14 00:08:13] [收录概况] 请求错误，错误【cURL error 28: Connection timed out after 3000 milliseconds】
[2021-08-14 00:08:13] [定时任务] 百度推送插件定时任务执行完毕
[2021-08-14 00:34:09] [定时任务] 开始执行百度推送插件定时任务
[2021-08-14 00:34:09] [收录概况] 查询百度收录概况-“收录总数”
[2021-08-14 00:34:09] [收录概况] https://www.baidu.com/s?wd=site%3Ablog.shiyuchan.cn
[2021-08-14 00:34:10] [收录概况] 请求返回【没有找到数据】
[2021-08-14 00:34:10] [定时任务] 百度推送插件定时任务执行完毕
[2021-08-14 01:38:11] [定时任务] 开始执行百度推送插件定时任务
[2021-08-14 01:38:11] [定时任务] 百度推送插件定时任务执行完毕
[2021-08-14 02:10:30] [收录推送] 普通收录，推送url：
[2021-08-14 02:10:30] [收录推送] https://blog.shiyuchan.cn/570.html/
[2021-08-14 02:10:31] [收录推送] 推送结果【success】
[2021-08-14 02:14:25] [收录概况] 手动更新
[2021-08-14 02:14:25] [收录概况] 查询百度收录概况-“收录总数”
[2021-08-14 02:14:25] [收录概况] https://www.baidu.com/s?wd=site%3Ablog.shiyuchan.cn
[2021-08-14 02:14:26] [收录概况] 请求返回【没有找到数据】
[2021-08-14 02:38:12] [定时任务] 开始执行百度推送插件定时任务
[2021-08-14 02:38:12] [定时任务] 百度推送插件定时任务执行完毕
[2021-08-14 03:55:17] [定时任务] 开始执行百度推送插件定时任务
[2021-08-14 03:55:17] [定时任务] 百度推送插件定时任务执行完毕
[2021-08-14 05:19:27] [定时任务] 开始执行百度推送插件定时任务
[2021-08-14 05:19:27] [定时任务] 百度推送插件定时任务执行完毕
[2021-08-14 05:34:14] [定时任务] 开始执行百度推送插件定时任务
[2021-08-14 05:34:14] [定时任务] 百度推送插件定时任务执行完毕
[2021-08-14 06:34:47] [定时任务] 开始执行百度推送插件定时任务
[2021-08-14 06:34:47] [收录概况] 查询百度收录概况-“收录总数”
[2021-08-14 06:34:47] [收录概况] https://www.baidu.com/s?wd=site%3Ablog.shiyuchan.cn
[2021-08-14 06:34:47] [收录概况] 请求返回【没有找到数据】
[2021-08-14 06:34:48] [定时任务] 百度推送插件定时任务执行完毕
[2021-08-14 07:44:56] [定时任务] 开始执行百度推送插件定时任务
[2021-08-14 07:44:56] [定时任务] 百度推送插件定时任务执行完毕
[2021-08-14 08:43:48] [定时任务] 开始执行百度推送插件定时任务
[2021-08-14 08:43:48] [定时任务] 百度推送插件定时任务执行完毕
[2021-08-14 09:39:52] [定时任务] 开始执行百度推送插件定时任务
[2021-08-14 09:39:52] [定时任务] 百度推送插件定时任务执行完毕
[2021-08-14 10:43:20] [定时任务] 开始执行百度推送插件定时任务
[2021-08-14 10:43:20] [定时任务] 百度推送插件定时任务执行完毕
[2021-08-14 11:45:08] [定时任务] 开始执行百度推送插件定时任务
[2021-08-14 11:45:08] [定时任务] 百度推送插件定时任务执行完毕
[2021-08-14 12:38:00] [定时任务] 开始执行百度推送插件定时任务
[2021-08-14 12:38:00] [收录概况] 查询百度收录概况-“收录总数”
[2021-08-14 12:38:00] [收录概况] https://www.baidu.com/s?wd=site%3Ablog.shiyuchan.cn
[2021-08-14 12:38:00] [收录概况] 请求返回【没有找到数据】
[2021-08-14 12:38:00] [定时任务] 百度推送插件定时任务执行完毕
[2021-08-14 13:37:51] [定时任务] 开始执行百度推送插件定时任务
[2021-08-14 13:37:51] [定时任务] 百度推送插件定时任务执行完毕
[2021-08-14 14:39:16] [定时任务] 开始执行百度推送插件定时任务
[2021-08-14 14:39:16] [定时任务] 百度推送插件定时任务执行完毕
[2021-08-14 15:34:32] [定时任务] 开始执行百度推送插件定时任务
[2021-08-14 15:34:32] [定时任务] 百度推送插件定时任务执行完毕
[2021-08-14 16:44:57] [定时任务] 开始执行百度推送插件定时任务
[2021-08-14 16:44:57] [定时任务] 百度推送插件定时任务执行完毕
[2021-08-14 17:43:42] [定时任务] 开始执行百度推送插件定时任务
[2021-08-14 17:43:42] [定时任务] 百度推送插件定时任务执行完毕
[2021-08-14 17:43:43] [定时任务] 开始执行百度推送插件定时任务
[2021-08-14 17:43:43] [定时任务] 百度推送插件定时任务执行完毕
[2021-08-14 19:46:12] [定时任务] 开始执行百度推送插件定时任务
[2021-08-14 19:46:12] [定时任务] 百度推送插件定时任务执行完毕
[2021-08-14 19:50:09] [收录推送] 普通收录，推送url：
[2021-08-14 19:50:09] [收录推送] https://blog.shiyuchan.cn/170.html/
[2021-08-14 19:50:09] [收录推送] 推送结果【success】
[2021-08-14 20:36:56] [定时任务] 开始执行百度推送插件定时任务
[2021-08-14 20:36:56] [定时任务] 百度推送插件定时任务执行完毕
[2021-08-14 21:37:27] [定时任务] 开始执行百度推送插件定时任务
[2021-08-14 21:37:27] [定时任务] 百度推送插件定时任务执行完毕
[2021-08-14 22:40:39] [定时任务] 开始执行百度推送插件定时任务
[2021-08-14 22:40:39] [定时任务] 百度推送插件定时任务执行完毕
[2021-08-15 00:34:01] [定时任务] 开始执行百度推送插件定时任务
[2021-08-15 00:34:01] [收录概况] 查询百度收录概况-“收录总数”
[2021-08-15 00:34:01] [收录概况] https://www.baidu.com/s?wd=site%3Ablog.shiyuchan.cn
[2021-08-15 00:34:04] [收录概况] 请求错误，错误【cURL error 28: Connection timed out after 3001 milliseconds】
[2021-08-15 00:34:04] [定时任务] 百度推送插件定时任务执行完毕
[2021-08-15 01:34:19] [定时任务] 开始执行百度推送插件定时任务
[2021-08-15 01:34:19] [定时任务] 百度推送插件定时任务执行完毕
[2021-08-15 01:43:33] [收录推送] 普通收录，推送url：
[2021-08-15 01:43:33] [收录推送] https://blog.shiyuchan.cn/582.html/
[2021-08-15 01:43:33] [收录推送] 推送结果【success】
[2021-08-15 02:35:04] [定时任务] 开始执行百度推送插件定时任务
[2021-08-15 02:35:04] [定时任务] 百度推送插件定时任务执行完毕
[2021-08-15 03:46:33] [定时任务] 开始执行百度推送插件定时任务
[2021-08-15 03:46:33] [定时任务] 百度推送插件定时任务执行完毕
[2021-08-15 04:59:56] [定时任务] 开始执行百度推送插件定时任务
[2021-08-15 04:59:56] [定时任务] 百度推送插件定时任务执行完毕
[2021-08-15 05:45:39] [定时任务] 开始执行百度推送插件定时任务
[2021-08-15 05:45:39] [定时任务] 百度推送插件定时任务执行完毕
[2021-08-15 06:54:41] [定时任务] 开始执行百度推送插件定时任务
[2021-08-15 06:54:41] [收录概况] 查询百度收录概况-“收录总数”
[2021-08-15 06:54:41] [收录概况] https://www.baidu.com/s?wd=site%3Ablog.shiyuchan.cn
[2021-08-15 06:54:42] [收录概况] 请求返回【没有找到数据】
[2021-08-15 06:54:42] [定时任务] 百度推送插件定时任务执行完毕
[2021-08-15 07:41:31] [定时任务] 开始执行百度推送插件定时任务
[2021-08-15 07:41:31] [定时任务] 百度推送插件定时任务执行完毕
[2021-08-15 08:34:50] [定时任务] 开始执行百度推送插件定时任务
[2021-08-15 08:34:50] [定时任务] 百度推送插件定时任务执行完毕
[2021-08-15 09:06:47] [收录推送] 普通收录，推送url：
[2021-08-15 09:06:47] [收录推送] https://blog.shiyuchan.cn/309.html/
[2021-08-15 09:06:47] [收录推送] 推送结果【success】
[2021-08-15 09:34:02] [定时任务] 开始执行百度推送插件定时任务
[2021-08-15 09:34:02] [定时任务] 百度推送插件定时任务执行完毕
[2021-08-15 09:34:32] [收录概况] 手动更新
[2021-08-15 09:34:32] [收录概况] 查询百度收录概况-“收录总数”
[2021-08-15 09:34:32] [收录概况] https://www.baidu.com/s?wd=site%3Ablog.shiyuchan.cn
[2021-08-15 09:34:32] [收录概况] 请求返回【没有找到数据】
[2021-08-15 10:34:30] [定时任务] 开始执行百度推送插件定时任务
[2021-08-15 10:34:30] [定时任务] 百度推送插件定时任务执行完毕
[2021-08-15 11:37:34] [定时任务] 开始执行百度推送插件定时任务
[2021-08-15 11:37:34] [定时任务] 百度推送插件定时任务执行完毕
[2021-08-15 12:34:17] [定时任务] 开始执行百度推送插件定时任务
[2021-08-15 12:34:17] [收录概况] 查询百度收录概况-“收录总数”
[2021-08-15 12:34:17] [收录概况] https://www.baidu.com/s?wd=site%3Ablog.shiyuchan.cn
[2021-08-15 12:34:17] [收录概况] 请求返回【没有找到数据】
[2021-08-15 12:34:17] [定时任务] 百度推送插件定时任务执行完毕
[2021-08-15 13:34:49] [定时任务] 开始执行百度推送插件定时任务
[2021-08-15 13:34:49] [定时任务] 百度推送插件定时任务执行完毕
[2021-08-15 14:37:06] [定时任务] 开始执行百度推送插件定时任务
[2021-08-15 14:37:06] [定时任务] 百度推送插件定时任务执行完毕
[2021-08-15 15:01:15] [收录推送] 普通收录，推送url：
[2021-08-15 15:01:15] [收录推送] https://blog.shiyuchan.cn/639.html/
[2021-08-15 15:01:16] [收录推送] 推送结果【success】
[2021-08-15 15:34:01] [定时任务] 开始执行百度推送插件定时任务
[2021-08-15 15:34:01] [定时任务] 百度推送插件定时任务执行完毕
[2021-08-15 16:35:02] [定时任务] 开始执行百度推送插件定时任务
[2021-08-15 16:35:02] [定时任务] 百度推送插件定时任务执行完毕
[2021-08-15 17:34:23] [定时任务] 开始执行百度推送插件定时任务
[2021-08-15 17:34:23] [定时任务] 百度推送插件定时任务执行完毕
[2021-08-15 18:39:33] [定时任务] 开始执行百度推送插件定时任务
[2021-08-15 18:39:33] [收录概况] 查询百度收录概况-“收录总数”
[2021-08-15 18:39:33] [收录概况] https://www.baidu.com/s?wd=site%3Ablog.shiyuchan.cn
[2021-08-15 18:39:36] [收录概况] 请求错误，错误【cURL error 28: Connection timed out after 3001 milliseconds】
[2021-08-15 18:39:36] [定时任务] 百度推送插件定时任务执行完毕
[2021-08-15 19:46:04] [定时任务] 开始执行百度推送插件定时任务
[2021-08-15 19:46:04] [定时任务] 百度推送插件定时任务执行完毕
[2021-08-15 20:55:12] [定时任务] 开始执行百度推送插件定时任务
[2021-08-15 20:55:12] [定时任务] 百度推送插件定时任务执行完毕
[2021-08-15 21:40:00] [定时任务] 开始执行百度推送插件定时任务
[2021-08-15 21:40:00] [定时任务] 百度推送插件定时任务执行完毕
[2021-08-15 22:46:28] [定时任务] 开始执行百度推送插件定时任务
[2021-08-15 22:46:28] [定时任务] 百度推送插件定时任务执行完毕
[2021-08-15 23:12:28] [定时任务] 开始执行百度推送插件定时任务
[2021-08-15 23:12:28] [收录概况] 查询百度收录概况-“收录总数”
[2021-08-15 23:12:28] [收录概况] https://www.baidu.com/s?wd=site%3Ablog.shiyuchan.cn
[2021-08-15 23:12:29] [收录概况] 请求返回【没有找到数据】
[2021-08-15 23:12:29] [定时任务] 百度推送插件定时任务执行完毕
[2021-08-15 23:51:12] [定时任务] 开始执行百度推送插件定时任务
[2021-08-15 23:51:12] [收录概况] 查询百度收录概况-“收录总数”
[2021-08-15 23:51:12] [收录概况] https://www.baidu.com/s?wd=site%3Ablog.shiyuchan.cn
[2021-08-15 23:51:13] [收录概况] 请求返回【没有找到数据】
[2021-08-15 23:51:13] [定时任务] 百度推送插件定时任务执行完毕
[2021-08-16 00:34:36] [定时任务] 开始执行百度推送插件定时任务
[2021-08-16 00:34:36] [收录概况] 查询百度收录概况-“收录总数”
[2021-08-16 00:34:36] [收录概况] https://www.baidu.com/s?wd=site%3Ablog.shiyuchan.cn
[2021-08-16 00:34:37] [收录概况] 请求返回【没有找到数据】
[2021-08-16 00:34:37] [定时任务] 百度推送插件定时任务执行完毕
[2021-08-16 01:45:10] [定时任务] 开始执行百度推送插件定时任务
[2021-08-16 01:45:10] [定时任务] 百度推送插件定时任务执行完毕
[2021-08-16 02:50:13] [定时任务] 开始执行百度推送插件定时任务
[2021-08-16 02:50:13] [定时任务] 百度推送插件定时任务执行完毕
[2021-08-16 05:17:56] [定时任务] 开始执行百度推送插件定时任务
[2021-08-16 05:17:56] [定时任务] 百度推送插件定时任务执行完毕
[2021-08-16 05:34:34] [定时任务] 开始执行百度推送插件定时任务
[2021-08-16 05:34:34] [定时任务] 百度推送插件定时任务执行完毕
[2021-08-16 07:09:16] [定时任务] 开始执行百度推送插件定时任务
[2021-08-16 07:09:16] [定时任务] 百度推送插件定时任务执行完毕
[2021-08-16 07:52:12] [定时任务] 开始执行百度推送插件定时任务
[2021-08-16 07:52:12] [定时任务] 百度推送插件定时任务执行完毕
[2021-08-16 08:39:08] [定时任务] 开始执行百度推送插件定时任务
[2021-08-16 08:39:08] [定时任务] 百度推送插件定时任务执行完毕
[2021-08-16 09:35:36] [定时任务] 开始执行百度推送插件定时任务
[2021-08-16 09:35:36] [定时任务] 百度推送插件定时任务执行完毕
[2021-08-16 10:34:01] [定时任务] 开始执行百度推送插件定时任务
[2021-08-16 10:34:01] [定时任务] 百度推送插件定时任务执行完毕
[2021-08-16 11:39:57] [定时任务] 开始执行百度推送插件定时任务
[2021-08-16 11:39:57] [定时任务] 百度推送插件定时任务执行完毕
[2021-08-16 12:39:37] [定时任务] 开始执行百度推送插件定时任务
[2021-08-16 12:39:37] [收录概况] 查询百度收录概况-“收录总数”
[2021-08-16 12:39:37] [收录概况] https://www.baidu.com/s?wd=site%3Ablog.shiyuchan.cn
[2021-08-16 12:39:40] [收录概况] 请求错误，错误【cURL error 28: Operation timed out after 3000 milliseconds with 0 out of 0 bytes received】
[2021-08-16 12:39:40] [定时任务] 百度推送插件定时任务执行完毕
[2021-08-16 13:41:46] [定时任务] 开始执行百度推送插件定时任务
[2021-08-16 13:41:46] [定时任务] 百度推送插件定时任务执行完毕
[2021-08-16 14:43:17] [定时任务] 开始执行百度推送插件定时任务
[2021-08-16 14:43:17] [定时任务] 百度推送插件定时任务执行完毕
[2021-08-16 15:34:33] [定时任务] 开始执行百度推送插件定时任务
[2021-08-16 15:34:33] [定时任务] 百度推送插件定时任务执行完毕
[2021-08-16 16:44:43] [定时任务] 开始执行百度推送插件定时任务
[2021-08-16 16:44:43] [定时任务] 百度推送插件定时任务执行完毕
[2021-08-16 17:36:07] [定时任务] 开始执行百度推送插件定时任务
[2021-08-16 17:36:07] [定时任务] 百度推送插件定时任务执行完毕
[2021-08-16 19:16:11] [定时任务] 开始执行百度推送插件定时任务
[2021-08-16 19:16:11] [定时任务] 百度推送插件定时任务执行完毕
[2021-08-16 19:47:31] [定时任务] 开始执行百度推送插件定时任务
[2021-08-16 19:47:31] [定时任务] 百度推送插件定时任务执行完毕
[2021-08-16 20:56:32] [定时任务] 开始执行百度推送插件定时任务
[2021-08-16 20:56:32] [定时任务] 百度推送插件定时任务执行完毕
[2021-08-16 22:06:43] [定时任务] 开始执行百度推送插件定时任务
[2021-08-16 22:06:43] [定时任务] 百度推送插件定时任务执行完毕
[2021-08-16 22:36:37] [定时任务] 开始执行百度推送插件定时任务
[2021-08-16 22:36:37] [定时任务] 百度推送插件定时任务执行完毕
[2021-08-16 23:39:37] [定时任务] 开始执行百度推送插件定时任务
[2021-08-16 23:39:37] [收录概况] 查询百度收录概况-“收录总数”
[2021-08-16 23:39:37] [收录概况] https://www.baidu.com/s?wd=site%3Ablog.shiyuchan.cn
[2021-08-16 23:39:40] [收录概况] 请求错误，错误【cURL error 28: Failed to connect to www.baidu.com port 443: Connection timed out】
[2021-08-16 23:39:40] [定时任务] 百度推送插件定时任务执行完毕
[2021-08-17 00:36:49] [定时任务] 开始执行百度推送插件定时任务
[2021-08-17 00:36:49] [收录概况] 查询百度收录概况-“收录总数”
[2021-08-17 00:36:49] [收录概况] https://www.baidu.com/s?wd=site%3Ablog.shiyuchan.cn
[2021-08-17 00:36:49] [收录概况] 请求返回【没有找到数据】
[2021-08-17 00:36:49] [定时任务] 百度推送插件定时任务执行完毕
[2021-08-17 02:00:33] [定时任务] 开始执行百度推送插件定时任务
[2021-08-17 02:00:33] [定时任务] 百度推送插件定时任务执行完毕
[2021-08-17 02:45:24] [定时任务] 开始执行百度推送插件定时任务
[2021-08-17 02:45:24] [定时任务] 百度推送插件定时任务执行完毕
[2021-08-17 03:34:06] [定时任务] 开始执行百度推送插件定时任务
[2021-08-17 03:34:06] [定时任务] 百度推送插件定时任务执行完毕
[2021-08-17 04:34:09] [定时任务] 开始执行百度推送插件定时任务
[2021-08-17 04:34:09] [定时任务] 百度推送插件定时任务执行完毕
[2021-08-17 05:42:15] [定时任务] 开始执行百度推送插件定时任务
[2021-08-17 05:42:15] [定时任务] 百度推送插件定时任务执行完毕
[2021-08-17 06:39:11] [定时任务] 开始执行百度推送插件定时任务
[2021-08-17 06:39:11] [收录概况] 查询百度收录概况-“收录总数”
[2021-08-17 06:39:11] [收录概况] https://www.baidu.com/s?wd=site%3Ablog.shiyuchan.cn
[2021-08-17 06:39:14] [收录概况] 请求错误，错误【cURL error 28: Connection timed out after 3000 milliseconds】
[2021-08-17 06:39:14] [定时任务] 百度推送插件定时任务执行完毕
[2021-08-17 07:53:11] [定时任务] 开始执行百度推送插件定时任务
[2021-08-17 07:53:11] [定时任务] 百度推送插件定时任务执行完毕
[2021-08-17 08:50:17] [定时任务] 开始执行百度推送插件定时任务
[2021-08-17 08:50:17] [定时任务] 百度推送插件定时任务执行完毕
[2021-08-17 09:34:42] [定时任务] 开始执行百度推送插件定时任务
[2021-08-17 09:34:42] [定时任务] 百度推送插件定时任务执行完毕
[2021-08-17 09:37:49] [收录推送] 普通收录，推送url：
[2021-08-17 09:37:49] [收录推送] https://blog.shiyuchan.cn/623.html/
[2021-08-17 09:37:49] [收录推送] 推送结果【success】
[2021-08-17 10:51:55] [定时任务] 开始执行百度推送插件定时任务
[2021-08-17 10:51:55] [定时任务] 百度推送插件定时任务执行完毕
[2021-08-17 11:36:47] [定时任务] 开始执行百度推送插件定时任务
[2021-08-17 11:36:47] [定时任务] 百度推送插件定时任务执行完毕
[2021-08-17 12:36:13] [定时任务] 开始执行百度推送插件定时任务
[2021-08-17 12:36:13] [收录概况] 查询百度收录概况-“收录总数”
[2021-08-17 12:36:13] [收录概况] https://www.baidu.com/s?wd=site%3Ablog.shiyuchan.cn
[2021-08-17 12:36:13] [收录概况] 请求返回【没有找到数据】
[2021-08-17 12:36:13] [定时任务] 百度推送插件定时任务执行完毕
[2021-08-17 14:04:56] [定时任务] 开始执行百度推送插件定时任务
[2021-08-17 14:04:56] [定时任务] 百度推送插件定时任务执行完毕
[2021-08-17 14:41:46] [定时任务] 开始执行百度推送插件定时任务
[2021-08-17 14:41:46] [定时任务] 百度推送插件定时任务执行完毕
[2021-08-17 15:52:28] [定时任务] 开始执行百度推送插件定时任务
[2021-08-17 15:52:28] [定时任务] 百度推送插件定时任务执行完毕
[2021-08-17 16:34:55] [定时任务] 开始执行百度推送插件定时任务
[2021-08-17 16:34:55] [定时任务] 百度推送插件定时任务执行完毕
[2021-08-17 18:40:03] [定时任务] 开始执行百度推送插件定时任务
[2021-08-17 18:40:03] [收录概况] 查询百度收录概况-“收录总数”
[2021-08-17 18:40:03] [收录概况] https://www.baidu.com/s?wd=site%3Ablog.shiyuchan.cn
[2021-08-17 18:40:03] [收录概况] 请求返回【没有找到数据】
[2021-08-17 18:40:03] [定时任务] 百度推送插件定时任务执行完毕
[2021-08-17 19:50:59] [定时任务] 开始执行百度推送插件定时任务
[2021-08-17 19:50:59] [定时任务] 百度推送插件定时任务执行完毕
[2021-08-17 20:35:05] [定时任务] 开始执行百度推送插件定时任务
[2021-08-17 20:35:05] [定时任务] 百度推送插件定时任务执行完毕
[2021-08-17 22:00:21] [定时任务] 开始执行百度推送插件定时任务
[2021-08-17 22:00:21] [定时任务] 百度推送插件定时任务执行完毕
[2021-08-17 22:36:28] [定时任务] 开始执行百度推送插件定时任务
[2021-08-17 22:36:28] [定时任务] 百度推送插件定时任务执行完毕
[2021-08-17 23:45:57] [定时任务] 开始执行百度推送插件定时任务
[2021-08-17 23:45:57] [收录概况] 查询百度收录概况-“收录总数”
[2021-08-17 23:45:57] [收录概况] https://www.baidu.com/s?wd=site%3Ablog.shiyuchan.cn
[2021-08-17 23:45:58] [收录概况] 请求返回【没有找到数据】
[2021-08-17 23:45:58] [定时任务] 百度推送插件定时任务执行完毕
[2021-08-18 00:54:08] [定时任务] 开始执行百度推送插件定时任务
[2021-08-18 00:54:08] [收录概况] 查询百度收录概况-“收录总数”
[2021-08-18 00:54:08] [收录概况] https://www.baidu.com/s?wd=site%3Ablog.shiyuchan.cn
[2021-08-18 00:54:09] [收录概况] 请求返回【没有找到数据】
[2021-08-18 00:54:09] [定时任务] 百度推送插件定时任务执行完毕
[2021-08-18 01:50:44] [定时任务] 开始执行百度推送插件定时任务
[2021-08-18 01:50:44] [定时任务] 百度推送插件定时任务执行完毕
[2021-08-18 02:54:22] [定时任务] 开始执行百度推送插件定时任务
[2021-08-18 02:54:22] [定时任务] 百度推送插件定时任务执行完毕
[2021-08-18 03:34:19] [定时任务] 开始执行百度推送插件定时任务
[2021-08-18 03:34:19] [定时任务] 百度推送插件定时任务执行完毕
[2021-08-18 04:42:04] [定时任务] 开始执行百度推送插件定时任务
[2021-08-18 04:42:04] [定时任务] 百度推送插件定时任务执行完毕
[2021-08-18 05:56:17] [定时任务] 开始执行百度推送插件定时任务
[2021-08-18 05:56:17] [定时任务] 百度推送插件定时任务执行完毕
[2021-08-18 06:43:40] [定时任务] 开始执行百度推送插件定时任务
[2021-08-18 06:43:40] [收录概况] 查询百度收录概况-“收录总数”
[2021-08-18 06:43:40] [收录概况] https://www.baidu.com/s?wd=site%3Ablog.shiyuchan.cn
[2021-08-18 06:43:40] [收录概况] 请求返回【没有找到数据】
[2021-08-18 06:43:40] [定时任务] 百度推送插件定时任务执行完毕
[2021-08-18 07:41:45] [定时任务] 开始执行百度推送插件定时任务
[2021-08-18 07:41:45] [定时任务] 百度推送插件定时任务执行完毕
[2021-08-18 08:11:29] [收录推送] 普通收录，推送url：
[2021-08-18 08:11:29] [收录推送] https://blog.shiyuchan.cn/297.html/
[2021-08-18 08:11:29] [收录推送] 推送结果【success】
[2021-08-18 08:40:51] [定时任务] 开始执行百度推送插件定时任务
[2021-08-18 08:40:51] [定时任务] 百度推送插件定时任务执行完毕
[2021-08-18 09:37:35] [定时任务] 开始执行百度推送插件定时任务
[2021-08-18 09:37:35] [定时任务] 百度推送插件定时任务执行完毕
[2021-08-18 10:34:02] [定时任务] 开始执行百度推送插件定时任务
[2021-08-18 10:34:02] [定时任务] 百度推送插件定时任务执行完毕
[2021-08-18 11:39:11] [定时任务] 开始执行百度推送插件定时任务
[2021-08-18 11:39:11] [定时任务] 百度推送插件定时任务执行完毕
[2021-08-18 12:54:14] [定时任务] 开始执行百度推送插件定时任务
[2021-08-18 12:54:14] [收录概况] 查询百度收录概况-“收录总数”
[2021-08-18 12:54:14] [收录概况] https://www.baidu.com/s?wd=site%3Ablog.shiyuchan.cn
[2021-08-18 12:54:17] [收录概况] 请求错误，错误【cURL error 28: Connection timed out after 3000 milliseconds】
[2021-08-18 12:54:17] [定时任务] 百度推送插件定时任务执行完毕
[2021-08-18 13:52:06] [定时任务] 开始执行百度推送插件定时任务
[2021-08-18 13:52:06] [定时任务] 百度推送插件定时任务执行完毕
[2021-08-18 14:35:18] [定时任务] 开始执行百度推送插件定时任务
[2021-08-18 14:35:18] [定时任务] 百度推送插件定时任务执行完毕
[2021-08-18 15:36:19] [定时任务] 开始执行百度推送插件定时任务
[2021-08-18 15:36:19] [定时任务] 百度推送插件定时任务执行完毕
[2021-08-18 17:33:21] [定时任务] 开始执行百度推送插件定时任务
[2021-08-18 17:33:21] [定时任务] 百度推送插件定时任务执行完毕
[2021-08-18 18:19:37] [定时任务] 开始执行百度推送插件定时任务
[2021-08-18 18:19:37] [收录概况] 查询百度收录概况-“收录总数”
[2021-08-18 18:19:37] [收录概况] https://www.baidu.com/s?wd=site%3Ablog.shiyuchan.cn
[2021-08-18 18:19:37] [收录概况] 请求返回【没有找到数据】
[2021-08-18 18:19:37] [定时任务] 百度推送插件定时任务执行完毕
[2021-08-18 18:48:06] [定时任务] 开始执行百度推送插件定时任务
[2021-08-18 18:48:06] [收录概况] 查询百度收录概况-“收录总数”
[2021-08-18 18:48:06] [收录概况] https://www.baidu.com/s?wd=site%3Ablog.shiyuchan.cn
[2021-08-18 18:48:06] [收录概况] 请求返回【没有找到数据】
[2021-08-18 18:48:07] [定时任务] 百度推送插件定时任务执行完毕
[2021-08-18 20:33:54] [定时任务] 开始执行百度推送插件定时任务
[2021-08-18 20:33:54] [定时任务] 百度推送插件定时任务执行完毕
[2021-08-18 20:34:01] [定时任务] 开始执行百度推送插件定时任务
[2021-08-18 20:34:01] [定时任务] 百度推送插件定时任务执行完毕
[2021-08-18 21:43:01] [定时任务] 开始执行百度推送插件定时任务
[2021-08-18 21:43:01] [定时任务] 百度推送插件定时任务执行完毕
[2021-08-18 23:19:20] [定时任务] 开始执行百度推送插件定时任务
[2021-08-18 23:19:20] [收录概况] 查询百度收录概况-“收录总数”
[2021-08-18 23:19:20] [收录概况] https://www.baidu.com/s?wd=site%3Ablog.shiyuchan.cn
[2021-08-18 23:19:21] [收录概况] 请求返回【没有找到数据】
[2021-08-18 23:19:21] [定时任务] 百度推送插件定时任务执行完毕
[2021-08-19 00:06:23] [定时任务] 开始执行百度推送插件定时任务
[2021-08-19 00:06:23] [收录概况] 查询百度收录概况-“收录总数”
[2021-08-19 00:06:23] [收录概况] https://www.baidu.com/s?wd=site%3Ablog.shiyuchan.cn
[2021-08-19 00:06:23] [收录概况] 请求返回【没有找到数据】
[2021-08-19 00:06:23] [定时任务] 百度推送插件定时任务执行完毕
[2021-08-19 00:34:19] [定时任务] 开始执行百度推送插件定时任务
[2021-08-19 00:34:19] [收录概况] 查询百度收录概况-“收录总数”
[2021-08-19 00:34:19] [收录概况] https://www.baidu.com/s?wd=site%3Ablog.shiyuchan.cn
[2021-08-19 00:34:19] [收录概况] 请求返回【没有找到数据】
[2021-08-19 00:34:19] [定时任务] 百度推送插件定时任务执行完毕
[2021-08-19 01:38:20] [定时任务] 开始执行百度推送插件定时任务
[2021-08-19 01:38:20] [定时任务] 百度推送插件定时任务执行完毕
[2021-08-19 02:36:55] [定时任务] 开始执行百度推送插件定时任务
[2021-08-19 02:36:55] [定时任务] 百度推送插件定时任务执行完毕
[2021-08-19 03:40:14] [定时任务] 开始执行百度推送插件定时任务
[2021-08-19 03:40:14] [定时任务] 百度推送插件定时任务执行完毕
[2021-08-19 04:37:42] [定时任务] 开始执行百度推送插件定时任务
[2021-08-19 04:37:42] [定时任务] 百度推送插件定时任务执行完毕
[2021-08-19 05:35:05] [定时任务] 开始执行百度推送插件定时任务
[2021-08-19 05:35:05] [定时任务] 百度推送插件定时任务执行完毕
[2021-08-19 06:50:05] [定时任务] 开始执行百度推送插件定时任务
[2021-08-19 06:50:05] [收录概况] 查询百度收录概况-“收录总数”
[2021-08-19 06:50:05] [收录概况] https://www.baidu.com/s?wd=site%3Ablog.shiyuchan.cn
[2021-08-19 06:50:05] [收录概况] 请求返回【没有找到数据】
[2021-08-19 06:50:06] [定时任务] 百度推送插件定时任务执行完毕
[2021-08-19 07:40:45] [定时任务] 开始执行百度推送插件定时任务
[2021-08-19 07:40:45] [定时任务] 百度推送插件定时任务执行完毕
[2021-08-19 08:53:09] [定时任务] 开始执行百度推送插件定时任务
[2021-08-19 08:53:09] [定时任务] 百度推送插件定时任务执行完毕
[2021-08-19 09:38:36] [定时任务] 开始执行百度推送插件定时任务
[2021-08-19 09:38:37] [定时任务] 百度推送插件定时任务执行完毕
[2021-08-19 10:49:07] [定时任务] 开始执行百度推送插件定时任务
[2021-08-19 10:49:07] [定时任务] 百度推送插件定时任务执行完毕
[2021-08-19 11:59:44] [定时任务] 开始执行百度推送插件定时任务
[2021-08-19 11:59:44] [定时任务] 百度推送插件定时任务执行完毕
[2021-08-19 12:45:47] [定时任务] 开始执行百度推送插件定时任务
[2021-08-19 12:45:47] [收录概况] 查询百度收录概况-“收录总数”
[2021-08-19 12:45:47] [收录概况] https://www.baidu.com/s?wd=site%3Ablog.shiyuchan.cn
[2021-08-19 12:45:47] [收录概况] 请求返回【没有找到数据】
[2021-08-19 12:45:47] [定时任务] 百度推送插件定时任务执行完毕
[2021-08-19 14:14:31] [定时任务] 开始执行百度推送插件定时任务
[2021-08-19 14:14:31] [定时任务] 百度推送插件定时任务执行完毕
[2021-08-19 14:36:18] [定时任务] 开始执行百度推送插件定时任务
[2021-08-19 14:36:18] [定时任务] 百度推送插件定时任务执行完毕
[2021-08-19 16:29:42] [定时任务] 开始执行百度推送插件定时任务
[2021-08-19 16:29:42] [定时任务] 百度推送插件定时任务执行完毕
[2021-08-19 16:35:10] [定时任务] 开始执行百度推送插件定时任务
[2021-08-19 16:35:10] [定时任务] 百度推送插件定时任务执行完毕
[2021-08-19 17:48:53] [定时任务] 开始执行百度推送插件定时任务
[2021-08-19 17:48:53] [定时任务] 百度推送插件定时任务执行完毕
[2021-08-19 19:04:46] [定时任务] 开始执行百度推送插件定时任务
[2021-08-19 19:04:46] [定时任务] 百度推送插件定时任务执行完毕
[2021-08-19 19:35:13] [定时任务] 开始执行百度推送插件定时任务
[2021-08-19 19:35:13] [定时任务] 百度推送插件定时任务执行完毕
[2021-08-19 21:14:44] [定时任务] 开始执行百度推送插件定时任务
[2021-08-19 21:14:44] [定时任务] 百度推送插件定时任务执行完毕
[2021-08-19 22:18:07] [定时任务] 开始执行百度推送插件定时任务
[2021-08-19 22:18:07] [定时任务] 百度推送插件定时任务执行完毕
[2021-08-19 22:35:02] [定时任务] 开始执行百度推送插件定时任务
[2021-08-19 22:35:02] [定时任务] 百度推送插件定时任务执行完毕
[2021-08-19 23:46:36] [定时任务] 开始执行百度推送插件定时任务
[2021-08-19 23:46:36] [收录概况] 查询百度收录概况-“收录总数”
[2021-08-19 23:46:36] [收录概况] https://www.baidu.com/s?wd=site%3Ablog.shiyuchan.cn
[2021-08-19 23:46:37] [收录概况] 请求返回【没有找到数据】
[2021-08-19 23:46:37] [定时任务] 百度推送插件定时任务执行完毕
[2021-08-20 00:38:31] [定时任务] 开始执行百度推送插件定时任务
[2021-08-20 00:38:31] [收录概况] 查询百度收录概况-“收录总数”
[2021-08-20 00:38:31] [收录概况] https://www.baidu.com/s?wd=site%3Ablog.shiyuchan.cn
[2021-08-20 00:38:32] [收录概况] 请求返回【没有找到数据】
[2021-08-20 00:38:32] [定时任务] 百度推送插件定时任务执行完毕
[2021-08-20 02:01:54] [定时任务] 开始执行百度推送插件定时任务
[2021-08-20 02:01:54] [定时任务] 百度推送插件定时任务执行完毕
[2021-08-20 02:35:33] [定时任务] 开始执行百度推送插件定时任务
[2021-08-20 02:35:33] [定时任务] 百度推送插件定时任务执行完毕
[2021-08-20 03:34:05] [定时任务] 开始执行百度推送插件定时任务
[2021-08-20 03:34:05] [定时任务] 百度推送插件定时任务执行完毕
[2021-08-20 04:34:35] [定时任务] 开始执行百度推送插件定时任务
[2021-08-20 04:34:35] [定时任务] 百度推送插件定时任务执行完毕
[2021-08-20 05:39:50] [定时任务] 开始执行百度推送插件定时任务
[2021-08-20 05:39:50] [定时任务] 百度推送插件定时任务执行完毕
[2021-08-20 06:51:31] [定时任务] 开始执行百度推送插件定时任务
[2021-08-20 06:51:31] [收录概况] 查询百度收录概况-“收录总数”
[2021-08-20 06:51:31] [收录概况] https://www.baidu.com/s?wd=site%3Ablog.shiyuchan.cn
[2021-08-20 06:51:31] [收录概况] 请求返回【没有找到数据】
[2021-08-20 06:51:31] [定时任务] 百度推送插件定时任务执行完毕
[2021-08-20 07:34:48] [定时任务] 开始执行百度推送插件定时任务
[2021-08-20 07:34:48] [定时任务] 百度推送插件定时任务执行完毕
[2021-08-20 08:43:49] [定时任务] 开始执行百度推送插件定时任务
[2021-08-20 08:43:49] [定时任务] 百度推送插件定时任务执行完毕
[2021-08-20 09:36:58] [定时任务] 开始执行百度推送插件定时任务
[2021-08-20 09:36:58] [定时任务] 百度推送插件定时任务执行完毕
[2021-08-20 10:50:20] [定时任务] 开始执行百度推送插件定时任务
[2021-08-20 10:50:20] [定时任务] 百度推送插件定时任务执行完毕
[2021-08-20 11:37:25] [定时任务] 开始执行百度推送插件定时任务
[2021-08-20 11:37:25] [定时任务] 百度推送插件定时任务执行完毕
[2021-08-20 12:38:10] [定时任务] 开始执行百度推送插件定时任务
[2021-08-20 12:38:10] [收录概况] 查询百度收录概况-“收录总数”
[2021-08-20 12:38:10] [收录概况] https://www.baidu.com/s?wd=site%3Ablog.shiyuchan.cn
[2021-08-20 12:38:13] [收录概况] 请求错误，错误【cURL error 28: Connection timed out after 3001 milliseconds】
[2021-08-20 12:38:13] [定时任务] 百度推送插件定时任务执行完毕
[2021-08-20 13:38:43] [定时任务] 开始执行百度推送插件定时任务
[2021-08-20 13:38:43] [定时任务] 百度推送插件定时任务执行完毕
[2021-08-20 14:49:36] [定时任务] 开始执行百度推送插件定时任务
[2021-08-20 14:49:36] [定时任务] 百度推送插件定时任务执行完毕
[2021-08-20 15:51:14] [定时任务] 开始执行百度推送插件定时任务
[2021-08-20 15:51:14] [定时任务] 百度推送插件定时任务执行完毕
[2021-08-20 16:38:47] [定时任务] 开始执行百度推送插件定时任务
[2021-08-20 16:38:47] [定时任务] 百度推送插件定时任务执行完毕
[2021-08-20 17:34:50] [定时任务] 开始执行百度推送插件定时任务
[2021-08-20 17:34:50] [定时任务] 百度推送插件定时任务执行完毕
[2021-08-20 18:34:28] [定时任务] 开始执行百度推送插件定时任务
[2021-08-20 18:34:28] [收录概况] 查询百度收录概况-“收录总数”
[2021-08-20 18:34:28] [收录概况] https://www.baidu.com/s?wd=site%3Ablog.shiyuchan.cn
[2021-08-20 18:34:28] [收录概况] 请求返回【没有找到数据】
[2021-08-20 18:34:28] [定时任务] 百度推送插件定时任务执行完毕
[2021-08-20 19:47:28] [定时任务] 开始执行百度推送插件定时任务
[2021-08-20 19:47:28] [定时任务] 百度推送插件定时任务执行完毕
[2021-08-20 20:41:41] [定时任务] 开始执行百度推送插件定时任务
[2021-08-20 20:41:41] [定时任务] 百度推送插件定时任务执行完毕
[2021-08-20 21:38:14] [定时任务] 开始执行百度推送插件定时任务
[2021-08-20 21:38:14] [定时任务] 百度推送插件定时任务执行完毕
[2021-08-20 22:36:22] [定时任务] 开始执行百度推送插件定时任务
[2021-08-20 22:36:22] [定时任务] 百度推送插件定时任务执行完毕
[2021-08-20 23:50:39] [定时任务] 开始执行百度推送插件定时任务
[2021-08-20 23:50:39] [收录概况] 查询百度收录概况-“收录总数”
[2021-08-20 23:50:39] [收录概况] https://www.baidu.com/s?wd=site%3Ablog.shiyuchan.cn
[2021-08-20 23:50:39] [收录概况] 请求返回【没有找到数据】
[2021-08-20 23:50:39] [定时任务] 百度推送插件定时任务执行完毕
[2021-08-21 00:37:38] [定时任务] 开始执行百度推送插件定时任务
[2021-08-21 00:37:38] [收录概况] 查询百度收录概况-“收录总数”
[2021-08-21 00:37:38] [收录概况] https://www.baidu.com/s?wd=site%3Ablog.shiyuchan.cn
[2021-08-21 00:37:38] [收录概况] 请求返回【没有找到数据】
[2021-08-21 00:37:38] [定时任务] 百度推送插件定时任务执行完毕
[2021-08-21 15:01:59] [定时任务] 开始执行百度推送插件定时任务
[2021-08-21 15:01:59] [定时任务] 百度推送插件定时任务执行完毕
[2021-08-21 15:37:09] [定时任务] 开始执行百度推送插件定时任务
[2021-08-21 15:37:09] [定时任务] 百度推送插件定时任务执行完毕
[2021-08-21 16:34:05] [定时任务] 开始执行百度推送插件定时任务
[2021-08-21 16:34:05] [定时任务] 百度推送插件定时任务执行完毕
[2021-08-21 17:35:02] [定时任务] 开始执行百度推送插件定时任务
[2021-08-21 17:35:02] [定时任务] 百度推送插件定时任务执行完毕
[2021-08-21 18:49:24] [定时任务] 开始执行百度推送插件定时任务
[2021-08-21 18:49:24] [收录概况] 查询百度收录概况-“收录总数”
[2021-08-21 18:49:24] [收录概况] https://www.baidu.com/s?wd=site%3Ablog.shiyuchan.cn
[2021-08-21 18:49:24] [收录概况] 请求返回【没有找到数据】
[2021-08-21 18:49:24] [定时任务] 百度推送插件定时任务执行完毕
[2021-08-21 19:39:31] [定时任务] 开始执行百度推送插件定时任务
[2021-08-21 19:39:31] [定时任务] 百度推送插件定时任务执行完毕
[2021-08-21 20:53:59] [定时任务] 开始执行百度推送插件定时任务
[2021-08-21 20:53:59] [定时任务] 百度推送插件定时任务执行完毕
[2021-08-21 21:34:14] [定时任务] 开始执行百度推送插件定时任务
[2021-08-21 21:34:14] [定时任务] 百度推送插件定时任务执行完毕
[2021-08-21 22:53:25] [定时任务] 开始执行百度推送插件定时任务
[2021-08-21 22:53:25] [定时任务] 百度推送插件定时任务执行完毕
[2021-08-21 23:41:57] [定时任务] 开始执行百度推送插件定时任务
[2021-08-21 23:41:57] [收录概况] 查询百度收录概况-“收录总数”
[2021-08-21 23:41:57] [收录概况] https://www.baidu.com/s?wd=site%3Ablog.shiyuchan.cn
[2021-08-21 23:41:57] [收录概况] 请求返回【没有找到数据】
[2021-08-21 23:41:57] [定时任务] 百度推送插件定时任务执行完毕
[2021-08-22 00:38:42] [定时任务] 开始执行百度推送插件定时任务
[2021-08-22 00:38:42] [收录概况] 查询百度收录概况-“收录总数”
[2021-08-22 00:38:42] [收录概况] https://www.baidu.com/s?wd=site%3Ablog.shiyuchan.cn
[2021-08-22 00:38:42] [收录概况] 请求返回【没有找到数据】
[2021-08-22 00:38:42] [定时任务] 百度推送插件定时任务执行完毕
[2021-08-22 01:55:04] [定时任务] 开始执行百度推送插件定时任务
[2021-08-22 01:55:04] [定时任务] 百度推送插件定时任务执行完毕
[2021-08-22 02:49:25] [定时任务] 开始执行百度推送插件定时任务
[2021-08-22 02:49:25] [定时任务] 百度推送插件定时任务执行完毕
[2021-08-22 03:49:43] [定时任务] 开始执行百度推送插件定时任务
[2021-08-22 03:49:43] [定时任务] 百度推送插件定时任务执行完毕
[2021-08-22 05:28:12] [定时任务] 开始执行百度推送插件定时任务
[2021-08-22 05:28:12] [定时任务] 百度推送插件定时任务执行完毕
[2021-08-22 06:16:21] [定时任务] 开始执行百度推送插件定时任务
[2021-08-22 06:16:21] [收录概况] 查询百度收录概况-“收录总数”
[2021-08-22 06:16:21] [收录概况] https://www.baidu.com/s?wd=site%3Ablog.shiyuchan.cn
[2021-08-22 06:16:21] [收录概况] 请求返回【没有找到数据】
[2021-08-22 06:16:21] [定时任务] 百度推送插件定时任务执行完毕
[2021-08-22 06:55:04] [定时任务] 开始执行百度推送插件定时任务
[2021-08-22 06:55:04] [收录概况] 查询百度收录概况-“收录总数”
[2021-08-22 06:55:04] [收录概况] https://www.baidu.com/s?wd=site%3Ablog.shiyuchan.cn
[2021-08-22 06:55:04] [收录概况] 请求返回【没有找到数据】
[2021-08-22 06:55:04] [定时任务] 百度推送插件定时任务执行完毕
[2021-08-22 07:49:12] [定时任务] 开始执行百度推送插件定时任务
[2021-08-22 07:49:12] [定时任务] 百度推送插件定时任务执行完毕
[2021-08-22 08:47:00] [定时任务] 开始执行百度推送插件定时任务
[2021-08-22 08:47:00] [定时任务] 百度推送插件定时任务执行完毕
[2021-08-22 09:40:04] [定时任务] 开始执行百度推送插件定时任务
[2021-08-22 09:40:04] [定时任务] 百度推送插件定时任务执行完毕
[2021-08-22 11:33:57] [定时任务] 开始执行百度推送插件定时任务
[2021-08-22 11:33:57] [定时任务] 百度推送插件定时任务执行完毕
[2021-08-22 11:35:32] [定时任务] 开始执行百度推送插件定时任务
[2021-08-22 11:35:32] [定时任务] 百度推送插件定时任务执行完毕
[2021-08-22 12:49:36] [定时任务] 开始执行百度推送插件定时任务
[2021-08-22 12:49:36] [收录概况] 查询百度收录概况-“收录总数”
[2021-08-22 12:49:36] [收录概况] https://www.baidu.com/s?wd=site%3Ablog.shiyuchan.cn
[2021-08-22 12:49:36] [收录概况] 请求返回【没有找到数据】
[2021-08-22 12:49:36] [定时任务] 百度推送插件定时任务执行完毕
[2021-08-22 13:37:39] [定时任务] 开始执行百度推送插件定时任务
[2021-08-22 13:37:39] [定时任务] 百度推送插件定时任务执行完毕
[2021-08-22 15:15:08] [定时任务] 开始执行百度推送插件定时任务
[2021-08-22 15:15:08] [定时任务] 百度推送插件定时任务执行完毕
[2021-08-22 16:43:25] [定时任务] 开始执行百度推送插件定时任务
[2021-08-22 16:43:25] [定时任务] 百度推送插件定时任务执行完毕
[2021-08-22 17:37:15] [定时任务] 开始执行百度推送插件定时任务
[2021-08-22 17:37:15] [定时任务] 百度推送插件定时任务执行完毕
[2021-08-22 18:37:48] [定时任务] 开始执行百度推送插件定时任务
[2021-08-22 18:37:48] [收录概况] 查询百度收录概况-“收录总数”
[2021-08-22 18:37:48] [收录概况] https://www.baidu.com/s?wd=site%3Ablog.shiyuchan.cn
[2021-08-22 18:37:48] [收录概况] 请求返回【没有找到数据】
[2021-08-22 18:37:48] [定时任务] 百度推送插件定时任务执行完毕
[2021-08-22 20:01:17] [定时任务] 开始执行百度推送插件定时任务
[2021-08-22 20:01:17] [定时任务] 百度推送插件定时任务执行完毕
[2021-08-22 20:36:49] [定时任务] 开始执行百度推送插件定时任务
[2021-08-22 20:36:49] [定时任务] 百度推送插件定时任务执行完毕
[2021-08-22 21:34:27] [定时任务] 开始执行百度推送插件定时任务
[2021-08-22 21:34:27] [定时任务] 百度推送插件定时任务执行完毕
[2021-08-22 22:34:04] [定时任务] 开始执行百度推送插件定时任务
[2021-08-22 22:34:04] [定时任务] 百度推送插件定时任务执行完毕
[2021-08-23 00:49:51] [定时任务] 开始执行百度推送插件定时任务
[2021-08-23 00:49:51] [收录概况] 查询百度收录概况-“收录总数”
[2021-08-23 00:49:51] [收录概况] https://www.baidu.com/s?wd=site%3Ablog.shiyuchan.cn
[2021-08-23 00:49:51] [收录概况] 请求返回【没有找到数据】
[2021-08-23 00:49:51] [定时任务] 百度推送插件定时任务执行完毕
[2021-08-23 02:06:44] [定时任务] 开始执行百度推送插件定时任务
[2021-08-23 02:06:44] [定时任务] 百度推送插件定时任务执行完毕
[2021-08-23 02:34:04] [定时任务] 开始执行百度推送插件定时任务
[2021-08-23 02:34:04] [定时任务] 百度推送插件定时任务执行完毕
[2021-08-23 04:06:38] [定时任务] 开始执行百度推送插件定时任务
[2021-08-23 04:06:38] [定时任务] 百度推送插件定时任务执行完毕
[2021-08-23 05:13:48] [定时任务] 开始执行百度推送插件定时任务
[2021-08-23 05:13:48] [定时任务] 百度推送插件定时任务执行完毕
[2021-08-23 06:10:37] [定时任务] 开始执行百度推送插件定时任务
[2021-08-23 06:10:37] [收录概况] 查询百度收录概况-“收录总数”
[2021-08-23 06:10:37] [收录概况] https://www.baidu.com/s?wd=site%3Ablog.shiyuchan.cn
[2021-08-23 06:10:38] [收录概况] 请求返回【没有找到数据】
[2021-08-23 06:10:38] [定时任务] 百度推送插件定时任务执行完毕
[2021-08-23 06:49:04] [定时任务] 开始执行百度推送插件定时任务
[2021-08-23 06:49:04] [收录概况] 查询百度收录概况-“收录总数”
[2021-08-23 06:49:04] [收录概况] https://www.baidu.com/s?wd=site%3Ablog.shiyuchan.cn
[2021-08-23 06:49:04] [收录概况] 请求返回【没有找到数据】
[2021-08-23 06:49:04] [定时任务] 百度推送插件定时任务执行完毕
[2021-08-23 07:34:04] [定时任务] 开始执行百度推送插件定时任务
[2021-08-23 07:34:04] [定时任务] 百度推送插件定时任务执行完毕
[2021-08-23 09:25:07] [定时任务] 开始执行百度推送插件定时任务
[2021-08-23 09:25:07] [定时任务] 百度推送插件定时任务执行完毕
[2021-08-23 09:56:21] [定时任务] 开始执行百度推送插件定时任务
[2021-08-23 09:56:21] [定时任务] 百度推送插件定时任务执行完毕
[2021-08-23 10:36:15] [定时任务] 开始执行百度推送插件定时任务
[2021-08-23 10:36:15] [定时任务] 百度推送插件定时任务执行完毕
[2021-08-23 12:15:04] [定时任务] 开始执行百度推送插件定时任务
[2021-08-23 12:15:04] [收录概况] 查询百度收录概况-“收录总数”
[2021-08-23 12:15:04] [收录概况] https://www.baidu.com/s?wd=site%3Ablog.shiyuchan.cn
[2021-08-23 12:15:07] [收录概况] 请求错误，错误【cURL error 28: Connection timed out after 3003 milliseconds】
[2021-08-23 12:15:07] [定时任务] 百度推送插件定时任务执行完毕
[2021-08-23 13:14:56] [定时任务] 开始执行百度推送插件定时任务
[2021-08-23 13:14:56] [定时任务] 百度推送插件定时任务执行完毕
[2021-08-23 13:54:26] [定时任务] 开始执行百度推送插件定时任务
[2021-08-23 13:54:26] [定时任务] 百度推送插件定时任务执行完毕
[2021-08-23 15:09:31] [定时任务] 开始执行百度推送插件定时任务
[2021-08-23 15:09:31] [定时任务] 百度推送插件定时任务执行完毕
[2021-08-23 16:19:03] [定时任务] 开始执行百度推送插件定时任务
[2021-08-23 16:19:03] [定时任务] 百度推送插件定时任务执行完毕
[2021-08-23 17:05:48] [定时任务] 开始执行百度推送插件定时任务
[2021-08-23 17:05:48] [定时任务] 百度推送插件定时任务执行完毕
[2021-08-23 17:48:09] [定时任务] 开始执行百度推送插件定时任务
[2021-08-23 17:48:09] [定时任务] 百度推送插件定时任务执行完毕
[2021-08-23 18:37:51] [定时任务] 开始执行百度推送插件定时任务
[2021-08-23 18:37:51] [收录概况] 查询百度收录概况-“收录总数”
[2021-08-23 18:37:51] [收录概况] https://www.baidu.com/s?wd=site%3Ablog.shiyuchan.cn
[2021-08-23 18:37:51] [收录概况] 请求返回【没有找到数据】
[2021-08-23 18:37:51] [定时任务] 百度推送插件定时任务执行完毕
[2021-08-23 20:05:03] [定时任务] 开始执行百度推送插件定时任务
[2021-08-23 20:05:03] [定时任务] 百度推送插件定时任务执行完毕
[2021-08-23 20:41:08] [定时任务] 开始执行百度推送插件定时任务
[2021-08-23 20:41:08] [定时任务] 百度推送插件定时任务执行完毕
[2021-08-23 21:37:04] [定时任务] 开始执行百度推送插件定时任务
[2021-08-23 21:37:04] [定时任务] 百度推送插件定时任务执行完毕
[2021-08-23 22:42:23] [定时任务] 开始执行百度推送插件定时任务
[2021-08-23 22:42:23] [定时任务] 百度推送插件定时任务执行完毕
[2021-08-23 23:52:08] [定时任务] 开始执行百度推送插件定时任务
[2021-08-23 23:52:08] [收录概况] 查询百度收录概况-“收录总数”
[2021-08-23 23:52:08] [收录概况] https://www.baidu.com/s?wd=site%3Ablog.shiyuchan.cn
[2021-08-23 23:52:08] [收录概况] 请求返回【没有找到数据】
[2021-08-23 23:52:08] [定时任务] 百度推送插件定时任务执行完毕
[2021-08-24 00:38:06] [定时任务] 开始执行百度推送插件定时任务
[2021-08-24 00:38:07] [收录概况] 查询百度收录概况-“收录总数”
[2021-08-24 00:38:07] [收录概况] https://www.baidu.com/s?wd=site%3Ablog.shiyuchan.cn
[2021-08-24 00:38:10] [收录概况] 请求错误，错误【cURL error 28: Connection timed out after 3001 milliseconds】
[2021-08-24 00:38:10] [定时任务] 百度推送插件定时任务执行完毕
[2021-08-24 02:13:30] [定时任务] 开始执行百度推送插件定时任务
[2021-08-24 02:13:30] [定时任务] 百度推送插件定时任务执行完毕
[2021-08-24 02:52:05] [定时任务] 开始执行百度推送插件定时任务
[2021-08-24 02:52:05] [定时任务] 百度推送插件定时任务执行完毕
[2021-08-24 03:55:04] [定时任务] 开始执行百度推送插件定时任务
[2021-08-24 03:55:04] [定时任务] 百度推送插件定时任务执行完毕
[2021-08-24 04:41:41] [定时任务] 开始执行百度推送插件定时任务
[2021-08-24 04:41:41] [定时任务] 百度推送插件定时任务执行完毕
[2021-08-24 05:36:16] [定时任务] 开始执行百度推送插件定时任务
[2021-08-24 05:36:16] [定时任务] 百度推送插件定时任务执行完毕
[2021-08-24 07:34:33] [定时任务] 开始执行百度推送插件定时任务
[2021-08-24 07:34:33] [定时任务] 百度推送插件定时任务执行完毕
[2021-08-24 08:35:25] [定时任务] 开始执行百度推送插件定时任务
[2021-08-24 08:35:25] [定时任务] 百度推送插件定时任务执行完毕
[2021-08-24 08:57:36] [收录推送] 普通收录，推送url：
[2021-08-24 08:57:36] [收录推送] https://blog.shiyuchan.cn/733.html/
[2021-08-24 08:57:36] [收录推送] 推送结果【success】
[2021-08-24 09:36:23] [定时任务] 开始执行百度推送插件定时任务
[2021-08-24 09:36:23] [定时任务] 百度推送插件定时任务执行完毕
[2021-08-24 10:50:31] [定时任务] 开始执行百度推送插件定时任务
[2021-08-24 10:50:31] [定时任务] 百度推送插件定时任务执行完毕
[2021-08-24 11:37:31] [定时任务] 开始执行百度推送插件定时任务
[2021-08-24 11:37:31] [定时任务] 百度推送插件定时任务执行完毕
[2021-08-24 12:36:28] [定时任务] 开始执行百度推送插件定时任务
[2021-08-24 12:36:28] [收录概况] 查询百度收录概况-“收录总数”
[2021-08-24 12:36:28] [收录概况] https://www.baidu.com/s?wd=site%3Ablog.shiyuchan.cn
[2021-08-24 12:36:28] [收录概况] 请求返回【没有找到数据】
[2021-08-24 12:36:28] [定时任务] 百度推送插件定时任务执行完毕
[2021-08-24 13:43:42] [定时任务] 开始执行百度推送插件定时任务
[2021-08-24 13:43:42] [定时任务] 百度推送插件定时任务执行完毕
[2021-08-24 14:38:39] [定时任务] 开始执行百度推送插件定时任务
[2021-08-24 14:38:39] [定时任务] 百度推送插件定时任务执行完毕
[2021-08-24 15:35:42] [定时任务] 开始执行百度推送插件定时任务
[2021-08-24 15:35:42] [定时任务] 百度推送插件定时任务执行完毕
[2021-08-24 15:50:27] [收录推送] 普通收录，推送url：
[2021-08-24 15:50:27] [收录推送] https://blog.shiyuchan.cn/742.html/
[2021-08-24 15:50:28] [收录推送] 推送结果【success】
[2021-08-24 16:44:54] [定时任务] 开始执行百度推送插件定时任务
[2021-08-24 16:44:54] [定时任务] 百度推送插件定时任务执行完毕
[2021-08-24 17:13:35] [收录推送] 普通收录，推送url：
[2021-08-24 17:13:35] [收录推送] https://blog.shiyuchan.cn/495.html/
[2021-08-24 17:13:36] [收录推送] 推送结果【success】
[2021-08-24 17:34:11] [定时任务] 开始执行百度推送插件定时任务
[2021-08-24 17:34:11] [定时任务] 百度推送插件定时任务执行完毕
[2021-08-24 18:35:31] [定时任务] 开始执行百度推送插件定时任务
[2021-08-24 18:35:31] [收录概况] 查询百度收录概况-“收录总数”
[2021-08-24 18:35:31] [收录概况] https://www.baidu.com/s?wd=site%3Ablog.shiyuchan.cn
[2021-08-24 18:35:31] [收录概况] 请求返回【没有找到数据】
[2021-08-24 18:35:31] [定时任务] 百度推送插件定时任务执行完毕
[2021-08-24 19:34:03] [定时任务] 开始执行百度推送插件定时任务
[2021-08-24 19:34:03] [定时任务] 百度推送插件定时任务执行完毕
[2021-08-24 20:34:27] [定时任务] 开始执行百度推送插件定时任务
[2021-08-24 20:34:27] [定时任务] 百度推送插件定时任务执行完毕
[2021-08-24 21:40:04] [定时任务] 开始执行百度推送插件定时任务
[2021-08-24 21:40:04] [定时任务] 百度推送插件定时任务执行完毕
[2021-08-24 22:36:18] [定时任务] 开始执行百度推送插件定时任务
[2021-08-24 22:36:18] [定时任务] 百度推送插件定时任务执行完毕
[2021-08-24 23:36:53] [定时任务] 开始执行百度推送插件定时任务
[2021-08-24 23:36:53] [收录概况] 查询百度收录概况-“收录总数”
[2021-08-24 23:36:53] [收录概况] https://www.baidu.com/s?wd=site%3Ablog.shiyuchan.cn
[2021-08-24 23:36:53] [收录概况] 请求返回【没有找到数据】
[2021-08-24 23:36:53] [定时任务] 百度推送插件定时任务执行完毕
[2021-08-25 00:42:11] [定时任务] 开始执行百度推送插件定时任务
[2021-08-25 00:42:11] [收录概况] 查询百度收录概况-“收录总数”
[2021-08-25 00:42:11] [收录概况] https://www.baidu.com/s?wd=site%3Ablog.shiyuchan.cn
[2021-08-25 00:42:14] [收录概况] 请求错误，错误【cURL error 28: Connection timed out after 3001 milliseconds】
[2021-08-25 00:42:14] [定时任务] 百度推送插件定时任务执行完毕
[2021-08-25 00:52:23] [收录推送] 普通收录，推送url：
[2021-08-25 00:52:23] [收录推送] https://blog.shiyuchan.cn/764.html/
[2021-08-25 00:52:23] [收录推送] 推送结果【success】
[2021-08-25 02:13:03] [定时任务] 开始执行百度推送插件定时任务
[2021-08-25 02:13:03] [定时任务] 百度推送插件定时任务执行完毕
[2021-08-25 02:35:37] [定时任务] 开始执行百度推送插件定时任务
[2021-08-25 02:35:37] [定时任务] 百度推送插件定时任务执行完毕
[2021-08-25 04:36:57] [定时任务] 开始执行百度推送插件定时任务
[2021-08-25 04:36:57] [定时任务] 百度推送插件定时任务执行完毕
[2021-08-25 05:48:04] [定时任务] 开始执行百度推送插件定时任务
[2021-08-25 05:48:04] [定时任务] 百度推送插件定时任务执行完毕
[2021-08-25 07:08:27] [定时任务] 开始执行百度推送插件定时任务
[2021-08-25 07:08:27] [定时任务] 百度推送插件定时任务执行完毕
[2021-08-25 07:36:21] [定时任务] 开始执行百度推送插件定时任务
[2021-08-25 07:36:21] [定时任务] 百度推送插件定时任务执行完毕
[2021-08-25 08:42:09] [定时任务] 开始执行百度推送插件定时任务
[2021-08-25 08:42:09] [定时任务] 百度推送插件定时任务执行完毕
[2021-08-25 09:36:45] [定时任务] 开始执行百度推送插件定时任务
[2021-08-25 09:36:45] [定时任务] 百度推送插件定时任务执行完毕
[2021-08-25 10:36:02] [定时任务] 开始执行百度推送插件定时任务
[2021-08-25 10:36:02] [定时任务] 百度推送插件定时任务执行完毕
[2021-08-25 11:49:18] [定时任务] 开始执行百度推送插件定时任务
[2021-08-25 11:49:18] [定时任务] 百度推送插件定时任务执行完毕
[2021-08-25 12:45:20] [定时任务] 开始执行百度推送插件定时任务
[2021-08-25 12:45:20] [收录概况] 查询百度收录概况-“收录总数”
[2021-08-25 12:45:20] [收录概况] https://www.baidu.com/s?wd=site%3Ablog.shiyuchan.cn
[2021-08-25 12:45:20] [收录概况] 请求返回【没有找到数据】
[2021-08-25 12:45:20] [定时任务] 百度推送插件定时任务执行完毕
[2021-08-25 13:40:51] [定时任务] 开始执行百度推送插件定时任务
[2021-08-25 13:40:51] [定时任务] 百度推送插件定时任务执行完毕
[2021-08-25 14:00:30] [收录推送] 普通收录，推送url：
[2021-08-25 14:00:30] [收录推送] https://blog.shiyuchan.cn/559.html/
[2021-08-25 14:00:30] [收录推送] 推送结果【success】
[2021-08-25 14:02:53] [收录推送] 普通收录，推送url：
[2021-08-25 14:02:53] [收录推送] https://blog.shiyuchan.cn/413.html/
[2021-08-25 14:02:53] [收录推送] 推送结果【success】
[2021-08-25 14:07:41] [收录推送] 普通收录，推送url：
[2021-08-25 14:07:41] [收录推送] https://blog.shiyuchan.cn/479.html/
[2021-08-25 14:07:41] [收录推送] 推送结果【success】
[2021-08-25 14:34:04] [定时任务] 开始执行百度推送插件定时任务
[2021-08-25 14:34:04] [定时任务] 百度推送插件定时任务执行完毕
[2021-08-25 15:41:57] [定时任务] 开始执行百度推送插件定时任务
[2021-08-25 15:41:57] [定时任务] 百度推送插件定时任务执行完毕
[2021-08-25 16:36:18] [定时任务] 开始执行百度推送插件定时任务
[2021-08-25 16:36:18] [定时任务] 百度推送插件定时任务执行完毕
[2021-08-25 17:43:24] [定时任务] 开始执行百度推送插件定时任务
[2021-08-25 17:43:24] [定时任务] 百度推送插件定时任务执行完毕
[2021-08-25 18:37:10] [定时任务] 开始执行百度推送插件定时任务
[2021-08-25 18:37:10] [收录概况] 查询百度收录概况-“收录总数”
[2021-08-25 18:37:10] [收录概况] https://www.baidu.com/s?wd=site%3Ablog.shiyuchan.cn
[2021-08-25 18:37:10] [收录概况] 请求返回【没有找到数据】
[2021-08-25 18:37:10] [定时任务] 百度推送插件定时任务执行完毕
[2021-08-25 19:38:08] [定时任务] 开始执行百度推送插件定时任务
[2021-08-25 19:38:08] [定时任务] 百度推送插件定时任务执行完毕
[2021-08-25 20:40:04] [定时任务] 开始执行百度推送插件定时任务
[2021-08-25 20:40:04] [定时任务] 百度推送插件定时任务执行完毕
[2021-08-25 21:40:20] [定时任务] 开始执行百度推送插件定时任务
[2021-08-25 21:40:20] [定时任务] 百度推送插件定时任务执行完毕
[2021-08-25 22:38:35] [定时任务] 开始执行百度推送插件定时任务
[2021-08-25 22:38:35] [定时任务] 百度推送插件定时任务执行完毕
[2021-08-25 22:46:35] [收录推送] 普通收录，推送url：
[2021-08-25 22:46:35] [收录推送] https://blog.shiyuchan.cn/790.html/
[2021-08-25 22:46:35] [收录推送] 推送结果【success】
[2021-08-26 01:01:50] [定时任务] 开始执行百度推送插件定时任务
[2021-08-26 01:01:50] [定时任务] 百度推送插件定时任务执行完毕
[2021-08-26 01:41:24] [定时任务] 开始执行百度推送插件定时任务
[2021-08-26 01:41:24] [定时任务] 百度推送插件定时任务执行完毕
[2021-08-26 02:39:35] [定时任务] 开始执行百度推送插件定时任务
[2021-08-26 02:39:35] [定时任务] 百度推送插件定时任务执行完毕
[2021-08-26 03:56:35] [定时任务] 开始执行百度推送插件定时任务
[2021-08-26 03:56:35] [定时任务] 百度推送插件定时任务执行完毕
[2021-08-26 04:35:26] [定时任务] 开始执行百度推送插件定时任务
[2021-08-26 04:35:26] [定时任务] 百度推送插件定时任务执行完毕
[2021-08-26 07:03:40] [定时任务] 开始执行百度推送插件定时任务
[2021-08-26 07:03:40] [定时任务] 百度推送插件定时任务执行完毕
[2021-08-26 08:51:57] [定时任务] 开始执行百度推送插件定时任务
[2021-08-26 08:51:57] [定时任务] 百度推送插件定时任务执行完毕
[2021-08-26 09:28:38] [收录推送] 普通收录，推送url：
[2021-08-26 09:28:38] [收录推送] https://blog.shiyuchan.cn/623.html/
[2021-08-26 09:28:38] [收录推送] 推送结果【success】
[2021-08-26 09:29:04] [收录推送] 普通收录，推送url：
[2021-08-26 09:29:04] [收录推送] https://blog.shiyuchan.cn/309.html/
[2021-08-26 09:29:04] [收录推送] 推送结果【success】
[2021-08-26 09:34:02] [定时任务] 开始执行百度推送插件定时任务
[2021-08-26 09:34:02] [定时任务] 百度推送插件定时任务执行完毕
[2021-08-26 10:56:15] [定时任务] 开始执行百度推送插件定时任务
[2021-08-26 10:56:15] [定时任务] 百度推送插件定时任务执行完毕
[2021-08-26 11:43:38] [定时任务] 开始执行百度推送插件定时任务
[2021-08-26 11:43:38] [定时任务] 百度推送插件定时任务执行完毕
[2021-08-26 12:47:07] [定时任务] 开始执行百度推送插件定时任务
[2021-08-26 12:47:07] [收录概况] 查询百度收录概况-“收录总数”
[2021-08-26 12:47:07] [收录概况] https://www.baidu.com/s?wd=site%3Ablog.shiyuchan.cn
[2021-08-26 12:47:08] [收录概况] 请求返回【没有找到数据】
[2021-08-26 12:47:08] [定时任务] 百度推送插件定时任务执行完毕
[2021-08-26 13:42:21] [定时任务] 开始执行百度推送插件定时任务
[2021-08-26 13:42:21] [定时任务] 百度推送插件定时任务执行完毕
[2021-08-26 14:34:02] [定时任务] 开始执行百度推送插件定时任务
[2021-08-26 14:34:02] [定时任务] 百度推送插件定时任务执行完毕
[2021-08-26 15:34:00] [定时任务] 开始执行百度推送插件定时任务
[2021-08-26 15:34:00] [定时任务] 百度推送插件定时任务执行完毕
[2021-08-26 16:34:19] [定时任务] 开始执行百度推送插件定时任务
[2021-08-26 16:34:19] [定时任务] 百度推送插件定时任务执行完毕
[2021-08-26 17:38:06] [定时任务] 开始执行百度推送插件定时任务
[2021-08-26 17:38:06] [定时任务] 百度推送插件定时任务执行完毕
[2021-08-26 18:45:21] [定时任务] 开始执行百度推送插件定时任务
[2021-08-26 18:45:21] [收录概况] 查询百度收录概况-“收录总数”
[2021-08-26 18:45:21] [收录概况] https://www.baidu.com/s?wd=site%3Ablog.shiyuchan.cn
[2021-08-26 18:45:21] [收录概况] 请求返回【没有找到数据】
[2021-08-26 18:45:21] [定时任务] 百度推送插件定时任务执行完毕
[2021-08-26 19:34:09] [定时任务] 开始执行百度推送插件定时任务
[2021-08-26 19:34:09] [定时任务] 百度推送插件定时任务执行完毕
[2021-08-26 20:42:21] [定时任务] 开始执行百度推送插件定时任务
[2021-08-26 20:42:21] [定时任务] 百度推送插件定时任务执行完毕
[2021-08-26 21:35:06] [定时任务] 开始执行百度推送插件定时任务
[2021-08-26 21:35:06] [定时任务] 百度推送插件定时任务执行完毕
[2021-08-26 22:37:14] [定时任务] 开始执行百度推送插件定时任务
[2021-08-26 22:37:14] [定时任务] 百度推送插件定时任务执行完毕
[2021-08-26 23:57:33] [定时任务] 开始执行百度推送插件定时任务
[2021-08-26 23:57:33] [收录概况] 查询百度收录概况-“收录总数”
[2021-08-26 23:57:33] [收录概况] https://www.baidu.com/s?wd=site%3Ablog.shiyuchan.cn
[2021-08-26 23:57:33] [收录概况] 请求返回【没有找到数据】
[2021-08-26 23:57:33] [定时任务] 百度推送插件定时任务执行完毕
[2021-08-27 00:56:24] [定时任务] 开始执行百度推送插件定时任务
[2021-08-27 00:56:24] [收录概况] 查询百度收录概况-“收录总数”
[2021-08-27 00:56:24] [收录概况] https://www.baidu.com/s?wd=site%3Ablog.shiyuchan.cn
[2021-08-27 00:56:25] [收录概况] 请求返回【没有找到数据】
[2021-08-27 00:56:25] [定时任务] 百度推送插件定时任务执行完毕
[2021-08-27 02:05:39] [定时任务] 开始执行百度推送插件定时任务
[2021-08-27 02:05:39] [定时任务] 百度推送插件定时任务执行完毕
[2021-08-27 03:53:42] [定时任务] 开始执行百度推送插件定时任务
[2021-08-27 03:53:42] [定时任务] 百度推送插件定时任务执行完毕
[2021-08-27 06:50:15] [定时任务] 开始执行百度推送插件定时任务
[2021-08-27 06:50:15] [收录概况] 查询百度收录概况-“收录总数”
[2021-08-27 06:50:15] [收录概况] https://www.baidu.com/s?wd=site%3Ablog.shiyuchan.cn
[2021-08-27 06:50:15] [收录概况] 请求返回【没有找到数据】
[2021-08-27 06:50:15] [定时任务] 百度推送插件定时任务执行完毕
[2021-08-27 08:23:41] [定时任务] 开始执行百度推送插件定时任务
[2021-08-27 08:23:41] [定时任务] 百度推送插件定时任务执行完毕
[2021-08-27 08:36:31] [定时任务] 开始执行百度推送插件定时任务
[2021-08-27 08:36:31] [定时任务] 百度推送插件定时任务执行完毕
[2021-08-27 09:55:32] [定时任务] 开始执行百度推送插件定时任务
[2021-08-27 09:55:32] [定时任务] 百度推送插件定时任务执行完毕
[2021-08-27 10:49:09] [定时任务] 开始执行百度推送插件定时任务
[2021-08-27 10:49:09] [定时任务] 百度推送插件定时任务执行完毕
[2021-08-27 12:24:10] [定时任务] 开始执行百度推送插件定时任务
[2021-08-27 12:24:10] [收录概况] 查询百度收录概况-“收录总数”
[2021-08-27 12:24:10] [收录概况] https://www.baidu.com/s?wd=site%3Ablog.shiyuchan.cn
[2021-08-27 12:24:10] [收录概况] 请求返回【没有找到数据】
[2021-08-27 12:24:10] [定时任务] 百度推送插件定时任务执行完毕
[2021-08-27 13:19:04] [定时任务] 开始执行百度推送插件定时任务
[2021-08-27 13:19:04] [定时任务] 百度推送插件定时任务执行完毕
[2021-08-27 14:22:56] [定时任务] 开始执行百度推送插件定时任务
[2021-08-27 14:22:56] [定时任务] 百度推送插件定时任务执行完毕
[2021-08-27 15:14:46] [定时任务] 开始执行百度推送插件定时任务
[2021-08-27 15:14:46] [定时任务] 百度推送插件定时任务执行完毕
[2021-08-27 15:36:00] [定时任务] 开始执行百度推送插件定时任务
[2021-08-27 15:36:00] [定时任务] 百度推送插件定时任务执行完毕
[2021-08-27 16:44:08] [定时任务] 开始执行百度推送插件定时任务
[2021-08-27 16:44:08] [定时任务] 百度推送插件定时任务执行完毕
[2021-08-27 17:41:07] [定时任务] 开始执行百度推送插件定时任务
[2021-08-27 17:41:07] [定时任务] 百度推送插件定时任务执行完毕
[2021-08-27 18:42:08] [定时任务] 开始执行百度推送插件定时任务
[2021-08-27 18:42:08] [收录概况] 查询百度收录概况-“收录总数”
[2021-08-27 18:42:08] [收录概况] https://www.baidu.com/s?wd=site%3Ablog.shiyuchan.cn
[2021-08-27 18:42:09] [收录概况] 请求返回【没有找到数据】
[2021-08-27 18:42:09] [定时任务] 百度推送插件定时任务执行完毕
[2021-08-27 19:37:33] [定时任务] 开始执行百度推送插件定时任务
[2021-08-27 19:37:33] [定时任务] 百度推送插件定时任务执行完毕
[2021-08-27 20:35:06] [定时任务] 开始执行百度推送插件定时任务
[2021-08-27 20:35:06] [定时任务] 百度推送插件定时任务执行完毕
[2021-08-27 21:35:30] [定时任务] 开始执行百度推送插件定时任务
[2021-08-27 21:35:30] [定时任务] 百度推送插件定时任务执行完毕
[2021-08-27 22:50:58] [定时任务] 开始执行百度推送插件定时任务
[2021-08-27 22:50:58] [定时任务] 百度推送插件定时任务执行完毕
[2021-08-27 23:52:21] [定时任务] 开始执行百度推送插件定时任务
[2021-08-27 23:52:21] [收录概况] 查询百度收录概况-“收录总数”
[2021-08-27 23:52:21] [收录概况] https://www.baidu.com/s?wd=site%3Ablog.shiyuchan.cn
[2021-08-27 23:52:21] [收录概况] 请求返回【没有找到数据】
[2021-08-27 23:52:21] [定时任务] 百度推送插件定时任务执行完毕
[2021-08-28 00:06:14] [收录推送] 普通收录，推送url：
[2021-08-28 00:06:14] [收录推送] https://blog.shiyuchan.cn/804.html/
[2021-08-28 00:06:14] [收录推送] 推送结果【success】
[2021-08-28 00:52:15] [定时任务] 开始执行百度推送插件定时任务
[2021-08-28 00:52:15] [收录概况] 查询百度收录概况-“收录总数”
[2021-08-28 00:52:15] [收录概况] https://www.baidu.com/s?wd=site%3Ablog.shiyuchan.cn
[2021-08-28 00:52:15] [收录概况] 请求返回【没有找到数据】
[2021-08-28 00:52:15] [定时任务] 百度推送插件定时任务执行完毕
[2021-08-28 01:44:12] [定时任务] 开始执行百度推送插件定时任务
[2021-08-28 01:44:12] [定时任务] 百度推送插件定时任务执行完毕
[2021-08-28 02:37:55] [定时任务] 开始执行百度推送插件定时任务
[2021-08-28 02:37:55] [定时任务] 百度推送插件定时任务执行完毕
[2021-08-28 04:09:57] [定时任务] 开始执行百度推送插件定时任务
[2021-08-28 04:09:57] [定时任务] 百度推送插件定时任务执行完毕
[2021-08-28 04:42:39] [定时任务] 开始执行百度推送插件定时任务
[2021-08-28 04:42:39] [定时任务] 百度推送插件定时任务执行完毕
[2021-08-28 05:37:28] [定时任务] 开始执行百度推送插件定时任务
[2021-08-28 05:37:28] [定时任务] 百度推送插件定时任务执行完毕
[2021-08-28 06:37:30] [定时任务] 开始执行百度推送插件定时任务
[2021-08-28 06:37:30] [收录概况] 查询百度收录概况-“收录总数”
[2021-08-28 06:37:30] [收录概况] https://www.baidu.com/s?wd=site%3Ablog.shiyuchan.cn
[2021-08-28 06:37:30] [收录概况] 请求返回【没有找到数据】
[2021-08-28 06:37:30] [定时任务] 百度推送插件定时任务执行完毕
[2021-08-28 07:54:40] [定时任务] 开始执行百度推送插件定时任务
[2021-08-28 07:54:40] [定时任务] 百度推送插件定时任务执行完毕
[2021-08-28 08:44:43] [定时任务] 开始执行百度推送插件定时任务
[2021-08-28 08:44:43] [定时任务] 百度推送插件定时任务执行完毕
[2021-08-28 10:47:55] [定时任务] 开始执行百度推送插件定时任务
[2021-08-28 10:47:55] [定时任务] 百度推送插件定时任务执行完毕
[2021-08-28 11:34:46] [定时任务] 开始执行百度推送插件定时任务
[2021-08-28 11:34:46] [定时任务] 百度推送插件定时任务执行完毕
[2021-08-28 12:50:45] [定时任务] 开始执行百度推送插件定时任务
[2021-08-28 12:50:45] [收录概况] 查询百度收录概况-“收录总数”
[2021-08-28 12:50:45] [收录概况] https://www.baidu.com/s?wd=site%3Alosemine.com
[2021-08-28 12:50:48] [收录概况] 请求错误，错误【cURL error 28: Connection timed out after 3001 milliseconds】
[2021-08-28 12:50:48] [定时任务] 百度推送插件定时任务执行完毕
[2021-08-28 13:35:35] [定时任务] 开始执行百度推送插件定时任务
[2021-08-28 13:35:35] [定时任务] 百度推送插件定时任务执行完毕
[2021-08-28 14:34:02] [定时任务] 开始执行百度推送插件定时任务
[2021-08-28 14:34:02] [定时任务] 百度推送插件定时任务执行完毕
[2021-08-28 15:37:04] [定时任务] 开始执行百度推送插件定时任务
[2021-08-28 15:37:04] [定时任务] 百度推送插件定时任务执行完毕
[2021-08-28 16:36:55] [定时任务] 开始执行百度推送插件定时任务
[2021-08-28 16:36:55] [定时任务] 百度推送插件定时任务执行完毕
[2021-08-28 17:37:28] [定时任务] 开始执行百度推送插件定时任务
[2021-08-28 17:37:28] [定时任务] 百度推送插件定时任务执行完毕
[2021-08-28 18:41:22] [定时任务] 开始执行百度推送插件定时任务
[2021-08-28 18:41:22] [收录概况] 查询百度收录概况-“收录总数”
[2021-08-28 18:41:22] [收录概况] https://www.baidu.com/s?wd=site%3Alosemine.com
[2021-08-28 18:41:24] [收录概况] 请求返回【找到相关结果数约1】
[2021-08-28 18:41:24] [定时任务] 百度推送插件定时任务执行完毕
[2021-08-28 19:35:36] [定时任务] 开始执行百度推送插件定时任务
[2021-08-28 19:35:36] [定时任务] 百度推送插件定时任务执行完毕
[2021-08-28 20:39:24] [定时任务] 开始执行百度推送插件定时任务
[2021-08-28 20:39:24] [定时任务] 百度推送插件定时任务执行完毕
[2021-08-28 21:43:46] [定时任务] 开始执行百度推送插件定时任务
[2021-08-28 21:43:46] [定时任务] 百度推送插件定时任务执行完毕
[2021-08-28 22:35:06] [定时任务] 开始执行百度推送插件定时任务
[2021-08-28 22:35:06] [定时任务] 百度推送插件定时任务执行完毕
[2021-08-28 23:41:04] [定时任务] 开始执行百度推送插件定时任务
[2021-08-28 23:41:04] [收录概况] 查询百度收录概况-“收录总数”
[2021-08-28 23:41:04] [收录概况] https://www.baidu.com/s?wd=site%3Alosemine.com
[2021-08-28 23:41:04] [收录概况] 请求返回【找到相关结果数约1】
[2021-08-28 23:41:04] [定时任务] 百度推送插件定时任务执行完毕
[2021-08-29 00:35:38] [定时任务] 开始执行百度推送插件定时任务
[2021-08-29 00:35:38] [收录概况] 查询百度收录概况-“收录总数”
[2021-08-29 00:35:38] [收录概况] https://www.baidu.com/s?wd=site%3Ablog.shiyuchan.cn
[2021-08-29 00:35:38] [收录概况] 请求返回【没有找到数据】
[2021-08-29 00:35:38] [定时任务] 百度推送插件定时任务执行完毕
[2021-08-29 01:36:54] [定时任务] 开始执行百度推送插件定时任务
[2021-08-29 01:36:54] [定时任务] 百度推送插件定时任务执行完毕
[2021-08-29 02:42:51] [定时任务] 开始执行百度推送插件定时任务
[2021-08-29 02:42:51] [定时任务] 百度推送插件定时任务执行完毕
[2021-08-29 03:41:16] [定时任务] 开始执行百度推送插件定时任务
[2021-08-29 03:41:16] [定时任务] 百度推送插件定时任务执行完毕
[2021-08-29 04:42:18] [定时任务] 开始执行百度推送插件定时任务
[2021-08-29 04:42:18] [定时任务] 百度推送插件定时任务执行完毕
[2021-08-29 05:38:59] [定时任务] 开始执行百度推送插件定时任务
[2021-08-29 05:38:59] [定时任务] 百度推送插件定时任务执行完毕
[2021-08-29 07:16:03] [定时任务] 开始执行百度推送插件定时任务
[2021-08-29 07:16:03] [定时任务] 百度推送插件定时任务执行完毕
[2021-08-29 07:47:54] [定时任务] 开始执行百度推送插件定时任务
[2021-08-29 07:47:54] [定时任务] 百度推送插件定时任务执行完毕
[2021-08-29 08:46:17] [定时任务] 开始执行百度推送插件定时任务
[2021-08-29 08:46:17] [定时任务] 百度推送插件定时任务执行完毕
[2021-08-29 09:38:35] [定时任务] 开始执行百度推送插件定时任务
[2021-08-29 09:38:35] [定时任务] 百度推送插件定时任务执行完毕
[2021-08-29 10:45:11] [定时任务] 开始执行百度推送插件定时任务
[2021-08-29 10:45:11] [定时任务] 百度推送插件定时任务执行完毕
[2021-08-29 11:24:24] [收录概况] 手动更新
[2021-08-29 11:24:24] [收录概况] 查询百度收录概况-“收录总数”
[2021-08-29 11:24:24] [收录概况] https://www.baidu.com/s?wd=site%3Alosemine.com
[2021-08-29 11:24:24] [收录概况] 请求返回【找到相关结果数约1】
[2021-08-29 11:48:58] [定时任务] 开始执行百度推送插件定时任务
[2021-08-29 11:48:58] [定时任务] 百度推送插件定时任务执行完毕
[2021-08-29 12:41:12] [定时任务] 开始执行百度推送插件定时任务
[2021-08-29 12:41:12] [收录概况] 查询百度收录概况-“收录总数”
[2021-08-29 12:41:12] [收录概况] https://www.baidu.com/s?wd=site%3Ablog.shiyuchan.cn
[2021-08-29 12:41:15] [收录概况] 请求错误，错误【cURL error 28: Connection timed out after 3000 milliseconds】
[2021-08-29 12:41:15] [定时任务] 百度推送插件定时任务执行完毕
[2021-08-29 13:34:44] [定时任务] 开始执行百度推送插件定时任务
[2021-08-29 13:34:44] [定时任务] 百度推送插件定时任务执行完毕
[2021-08-29 13:55:05] [收录概况] 手动更新
[2021-08-29 13:55:05] [收录概况] 查询百度收录概况-“收录总数”
[2021-08-29 13:55:05] [收录概况] https://www.baidu.com/s?wd=site%3Alosemine.com
[2021-08-29 13:55:05] [收录概况] 请求返回【找到相关结果数约1】
[2021-08-29 14:36:50] [定时任务] 开始执行百度推送插件定时任务
[2021-08-29 14:36:50] [定时任务] 百度推送插件定时任务执行完毕
[2021-08-29 15:34:56] [定时任务] 开始执行百度推送插件定时任务
[2021-08-29 15:34:56] [定时任务] 百度推送插件定时任务执行完毕
